{"/home/travis/build/npmtest/node-npmtest-live-server/test.js":{"path":"/home/travis/build/npmtest/node-npmtest-live-server/test.js","s":{"1":2,"2":2,"3":2,"4":2,"5":2,"6":2,"7":2,"8":1,"9":2,"10":2,"11":1,"12":1,"13":1,"14":1,"15":2,"16":2,"17":2,"18":2,"19":1,"20":1,"21":2,"22":2,"23":2,"24":1,"25":1,"26":1,"27":1,"28":1,"29":1,"30":1,"31":1,"32":1,"33":1,"34":1,"35":1,"36":1,"37":2,"38":2,"39":1,"40":2,"41":2,"42":1,"43":2,"44":2,"45":1,"46":2,"47":2,"48":1,"49":1,"50":1,"51":1,"52":1},"b":{"1":[2,1,1,1],"2":[1,1,1,1],"3":[1,1],"4":[1,1],"5":[1,1],"6":[1,1],"7":[1,1],"8":[1,1],"9":[1,1,1],"10":[1,1],"11":[1,1],"12":[1,1],"13":[1,1],"14":[1,1],"15":[1,1],"16":[1,1]},"f":{"1":2,"2":2,"3":2,"4":2,"5":2,"6":1,"7":1,"8":2,"9":2,"10":2,"11":2,"12":1},"fnMap":{"1":{"name":"(anonymous_1)","line":12,"loc":{"start":{"line":12,"column":1},"end":{"line":12,"column":13}}},"2":{"name":"(anonymous_2)","line":19,"loc":{"start":{"line":19,"column":5},"end":{"line":19,"column":17}}},"3":{"name":"(anonymous_3)","line":23,"loc":{"start":{"line":23,"column":24},"end":{"line":23,"column":36}}},"4":{"name":"(anonymous_4)","line":61,"loc":{"start":{"line":61,"column":5},"end":{"line":61,"column":17}}},"5":{"name":"(anonymous_5)","line":82,"loc":{"start":{"line":82,"column":5},"end":{"line":82,"column":17}}},"6":{"name":"(anonymous_6)","line":102,"loc":{"start":{"line":102,"column":83},"end":{"line":105,"column":10}},"skip":true},"7":{"name":"(anonymous_7)","line":113,"loc":{"start":{"line":113,"column":77},"end":{"line":116,"column":10}},"skip":true},"8":{"name":"(anonymous_8)","line":129,"loc":{"start":{"line":129,"column":12},"end":{"line":129,"column":40}},"skip":true},"9":{"name":"(anonymous_9)","line":137,"loc":{"start":{"line":137,"column":77},"end":{"line":140,"column":10}},"skip":true},"10":{"name":"(anonymous_10)","line":148,"loc":{"start":{"line":148,"column":83},"end":{"line":151,"column":10}},"skip":true},"11":{"name":"(anonymous_11)","line":159,"loc":{"start":{"line":159,"column":79},"end":{"line":162,"column":10}},"skip":true},"12":{"name":"(anonymous_12)","line":170,"loc":{"start":{"line":170,"column":75},"end":{"line":173,"column":10}},"skip":true}},"statementMap":{"1":{"start":{"line":12,"column":0},"end":{"line":185,"column":5}},"2":{"start":{"line":14,"column":4},"end":{"line":14,"column":14}},"3":{"start":{"line":19,"column":4},"end":{"line":56,"column":9}},"4":{"start":{"line":21,"column":8},"end":{"line":21,"column":19}},"5":{"start":{"line":23,"column":8},"end":{"line":35,"column":13}},"6":{"start":{"line":24,"column":12},"end":{"line":34,"column":13}},"7":{"start":{"line":25,"column":16},"end":{"line":28,"column":30}},"8":{"start":{"line":30,"column":16},"end":{"line":33,"column":27}},"9":{"start":{"line":37,"column":8},"end":{"line":39,"column":21}},"10":{"start":{"line":40,"column":8},"end":{"line":53,"column":9}},"11":{"start":{"line":43,"column":12},"end":{"line":46,"column":14}},"12":{"start":{"line":47,"column":12},"end":{"line":47,"column":18}},"13":{"start":{"line":50,"column":12},"end":{"line":51,"column":46}},"14":{"start":{"line":52,"column":12},"end":{"line":52,"column":18}},"15":{"start":{"line":55,"column":8},"end":{"line":55,"column":35}},"16":{"start":{"line":61,"column":4},"end":{"line":63,"column":9}},"17":{"start":{"line":62,"column":8},"end":{"line":62,"column":15}},"18":{"start":{"line":64,"column":4},"end":{"line":77,"column":5}},"19":{"start":{"line":70,"column":8},"end":{"line":70,"column":14}},"20":{"start":{"line":76,"column":8},"end":{"line":76,"column":14}},"21":{"start":{"line":82,"column":4},"end":{"line":84,"column":9}},"22":{"start":{"line":83,"column":8},"end":{"line":83,"column":15}},"23":{"start":{"line":85,"column":4},"end":{"line":184,"column":5}},"24":{"start":{"line":92,"column":8},"end":{"line":94,"column":63}},"25":{"start":{"line":95,"column":8},"end":{"line":95,"column":14}},"26":{"start":{"line":102,"column":8},"end":{"line":111,"column":10},"skip":true},"27":{"start":{"line":109,"column":12},"end":{"line":109,"column":55},"skip":true},"28":{"start":{"line":110,"column":12},"end":{"line":110,"column":48},"skip":true},"29":{"start":{"line":113,"column":8},"end":{"line":126,"column":10},"skip":true},"30":{"start":{"line":120,"column":12},"end":{"line":120,"column":76},"skip":true},"31":{"start":{"line":121,"column":12},"end":{"line":121,"column":73},"skip":true},"32":{"start":{"line":122,"column":12},"end":{"line":122,"column":74},"skip":true},"33":{"start":{"line":123,"column":12},"end":{"line":123,"column":79},"skip":true},"34":{"start":{"line":124,"column":12},"end":{"line":124,"column":25},"skip":true},"35":{"start":{"line":125,"column":12},"end":{"line":125,"column":45},"skip":true},"36":{"start":{"line":128,"column":8},"end":{"line":135,"column":14},"skip":true},"37":{"start":{"line":133,"column":16},"end":{"line":133,"column":29},"skip":true},"38":{"start":{"line":134,"column":16},"end":{"line":134,"column":55},"skip":true},"39":{"start":{"line":137,"column":8},"end":{"line":146,"column":10},"skip":true},"40":{"start":{"line":144,"column":12},"end":{"line":144,"column":25},"skip":true},"41":{"start":{"line":145,"column":12},"end":{"line":145,"column":45},"skip":true},"42":{"start":{"line":148,"column":8},"end":{"line":157,"column":10},"skip":true},"43":{"start":{"line":155,"column":12},"end":{"line":155,"column":25},"skip":true},"44":{"start":{"line":156,"column":12},"end":{"line":156,"column":48},"skip":true},"45":{"start":{"line":159,"column":8},"end":{"line":168,"column":10},"skip":true},"46":{"start":{"line":166,"column":12},"end":{"line":166,"column":25},"skip":true},"47":{"start":{"line":167,"column":12},"end":{"line":167,"column":46},"skip":true},"48":{"start":{"line":170,"column":8},"end":{"line":179,"column":10},"skip":true},"49":{"start":{"line":177,"column":12},"end":{"line":177,"column":94},"skip":true},"50":{"start":{"line":178,"column":12},"end":{"line":178,"column":48},"skip":true},"51":{"start":{"line":182,"column":8},"end":{"line":182,"column":35},"skip":true},"52":{"start":{"line":183,"column":8},"end":{"line":183,"column":14},"skip":true}},"branchMap":{"1":{"line":25,"type":"binary-expr","locations":[{"start":{"line":25,"column":23},"end":{"line":25,"column":62}},{"start":{"line":26,"column":20},"end":{"line":26,"column":70}},{"start":{"line":27,"column":20},"end":{"line":27,"column":71}},{"start":{"line":28,"column":20},"end":{"line":28,"column":29}}]},"2":{"line":30,"type":"binary-expr","locations":[{"start":{"line":30,"column":23},"end":{"line":30,"column":37}},{"start":{"line":31,"column":20},"end":{"line":31,"column":61}},{"start":{"line":32,"column":20},"end":{"line":32,"column":70}},{"start":{"line":33,"column":20},"end":{"line":33,"column":26}}]},"3":{"line":37,"type":"cond-expr","locations":[{"start":{"line":38,"column":14},"end":{"line":38,"column":20}},{"start":{"line":39,"column":14},"end":{"line":39,"column":20}}]},"4":{"line":40,"type":"switch","locations":[{"start":{"line":42,"column":8},"end":{"line":47,"column":18}},{"start":{"line":49,"column":8},"end":{"line":52,"column":18}}]},"5":{"line":44,"type":"binary-expr","locations":[{"start":{"line":44,"column":16},"end":{"line":44,"column":44}},{"start":{"line":44,"column":48},"end":{"line":44,"column":66}}]},"6":{"line":50,"type":"binary-expr","locations":[{"start":{"line":50,"column":21},"end":{"line":50,"column":49}},{"start":{"line":50,"column":53},"end":{"line":50,"column":72}}]},"7":{"line":64,"type":"switch","locations":[{"start":{"line":69,"column":4},"end":{"line":70,"column":14}},{"start":{"line":75,"column":4},"end":{"line":76,"column":14}}]},"8":{"line":85,"type":"switch","locations":[{"start":{"line":90,"column":4},"end":{"line":95,"column":14}},{"start":{"line":101,"column":4},"end":{"line":183,"column":14},"skip":true}]},"9":{"line":92,"type":"binary-expr","locations":[{"start":{"line":92,"column":18},"end":{"line":92,"column":32}},{"start":{"line":93,"column":12},"end":{"line":93,"column":53}},{"start":{"line":94,"column":12},"end":{"line":94,"column":61}}]},"10":{"line":102,"type":"binary-expr","locations":[{"start":{"line":102,"column":45},"end":{"line":102,"column":79},"skip":true},{"start":{"line":102,"column":83},"end":{"line":111,"column":9},"skip":true}]},"11":{"line":113,"type":"binary-expr","locations":[{"start":{"line":113,"column":42},"end":{"line":113,"column":73},"skip":true},{"start":{"line":113,"column":77},"end":{"line":126,"column":9},"skip":true}]},"12":{"line":128,"type":"binary-expr","locations":[{"start":{"line":128,"column":48},"end":{"line":128,"column":85},"skip":true},{"start":{"line":129,"column":12},"end":{"line":135,"column":13},"skip":true}]},"13":{"line":137,"type":"binary-expr","locations":[{"start":{"line":137,"column":42},"end":{"line":137,"column":73},"skip":true},{"start":{"line":137,"column":77},"end":{"line":146,"column":9},"skip":true}]},"14":{"line":148,"type":"binary-expr","locations":[{"start":{"line":148,"column":45},"end":{"line":148,"column":79},"skip":true},{"start":{"line":148,"column":83},"end":{"line":157,"column":9},"skip":true}]},"15":{"line":159,"type":"binary-expr","locations":[{"start":{"line":159,"column":43},"end":{"line":159,"column":75},"skip":true},{"start":{"line":159,"column":79},"end":{"line":168,"column":9},"skip":true}]},"16":{"line":170,"type":"binary-expr","locations":[{"start":{"line":170,"column":41},"end":{"line":170,"column":71},"skip":true},{"start":{"line":170,"column":75},"end":{"line":179,"column":9},"skip":true}]}},"code":["/* istanbul instrument in package npmtest_live_server */","/*jslint","    bitwise: true,","    browser: true,","    maxerr: 8,","    maxlen: 96,","    node: true,","    nomen: true,","    regexp: true,","    stupid: true","*/","(function () {","    'use strict';","    var local;","","","","    // run shared js-env code - pre-init","    (function () {","        // init local","        local = {};","        // init modeJs","        local.modeJs = (function () {","            try {","                return typeof navigator.userAgent === 'string' &&","                    typeof document.querySelector('body') === 'object' &&","                    typeof XMLHttpRequest.prototype.open === 'function' &&","                    'browser';","            } catch (errorCaughtBrowser) {","                return module.exports &&","                    typeof process.versions.node === 'string' &&","                    typeof require('http').createServer === 'function' &&","                    'node';","            }","        }());","        // init global","        local.global = local.modeJs === 'browser'","            ? window","            : global;","        switch (local.modeJs) {","        // re-init local from window.local","        case 'browser':","            local = local.global.utility2.objectSetDefault(","                local.global.utility2_rollup || local.global.local,","                local.global.utility2","            );","            break;","        // re-init local from example.js","        case 'node':","            local = (local.global.utility2_rollup || require('utility2'))","                .requireExampleJsFromReadme();","            break;","        }","        // export local","        local.global.local = local;","    }());","","","","    // run shared js-env code - function","    (function () {","        return;","    }());","    switch (local.modeJs) {","","","","    // run browser js-env code - function","    case 'browser':","        break;","","","","    // run node js-env code - function","    case 'node':","        break;","    }","","","","    // run shared js-env code - post-init","    (function () {","        return;","    }());","    switch (local.modeJs) {","","","","    // run browser js-env code - post-init","    case 'browser':","        // run tests","        local.nop(local.modeTest &&","            document.querySelector('#testRunButton1') &&","            document.querySelector('#testRunButton1').click());","        break;","","","","    // run node js-env code - post-init","    /* istanbul ignore next */","    case 'node':","        local.testCase_buildApidoc_default = local.testCase_buildApidoc_default || function (","            options,","            onError","        ) {","        /*","         * this function will test buildApidoc's default handling-behavior-behavior","         */","            options = { modulePathList: module.paths };","            local.buildApidoc(options, onError);","        };","","        local.testCase_buildApp_default = local.testCase_buildApp_default || function (","            options,","            onError","        ) {","        /*","         * this function will test buildApp's default handling-behavior-behavior","         */","            local.testCase_buildReadme_default(options, local.onErrorThrow);","            local.testCase_buildLib_default(options, local.onErrorThrow);","            local.testCase_buildTest_default(options, local.onErrorThrow);","            local.testCase_buildCustomOrg_default(options, local.onErrorThrow);","            options = [];","            local.buildApp(options, onError);","        };","","        local.testCase_buildCustomOrg_default = local.testCase_buildCustomOrg_default ||","            function (options, onError) {","            /*","             * this function will test buildCustomOrg's default handling-behavior","             */","                options = {};","                local.buildCustomOrg(options, onError);","            };","","        local.testCase_buildLib_default = local.testCase_buildLib_default || function (","            options,","            onError","        ) {","        /*","         * this function will test buildLib's default handling-behavior","         */","            options = {};","            local.buildLib(options, onError);","        };","","        local.testCase_buildReadme_default = local.testCase_buildReadme_default || function (","            options,","            onError","        ) {","        /*","         * this function will test buildReadme's default handling-behavior-behavior","         */","            options = {};","            local.buildReadme(options, onError);","        };","","        local.testCase_buildTest_default = local.testCase_buildTest_default || function (","            options,","            onError","        ) {","        /*","         * this function will test buildTest's default handling-behavior","         */","            options = {};","            local.buildTest(options, onError);","        };","","        local.testCase_webpage_default = local.testCase_webpage_default || function (","            options,","            onError","        ) {","        /*","         * this function will test webpage's default handling-behavior","         */","            options = { modeCoverageMerge: true, url: local.serverLocalHost + '?modeTest=1' };","            local.browserTest(options, onError);","        };","","        // run test-server","        local.testRunServer(local);","        break;","    }","}());",""],"l":{"12":2,"14":2,"19":2,"21":2,"23":2,"24":2,"25":2,"30":1,"37":2,"40":2,"43":1,"47":1,"50":1,"52":1,"55":2,"61":2,"62":2,"64":2,"70":1,"76":1,"82":2,"83":2,"85":2,"92":1,"95":1,"102":1,"109":1,"110":1,"113":1,"120":1,"121":1,"122":1,"123":1,"124":1,"125":1,"128":1,"133":2,"134":2,"137":1,"144":2,"145":2,"148":1,"155":2,"156":2,"159":1,"166":2,"167":2,"170":1,"177":1,"178":1,"182":1,"183":1}},"/home/travis/build/npmtest/node-npmtest-live-server/lib.npmtest_live_server.js":{"path":"/home/travis/build/npmtest/node-npmtest-live-server/lib.npmtest_live_server.js","s":{"1":2,"2":2,"3":2,"4":2,"5":2,"6":2,"7":2,"8":1,"9":2,"10":2,"11":2,"12":2,"13":1,"14":1,"15":1,"16":1},"b":{"1":[2,1,1,1],"2":[1,1,1,1],"3":[1,1],"4":[2,2],"5":[1,1]},"f":{"1":2,"2":2,"3":2},"fnMap":{"1":{"name":"(anonymous_1)","line":12,"loc":{"start":{"line":12,"column":1},"end":{"line":12,"column":13}}},"2":{"name":"(anonymous_2)","line":19,"loc":{"start":{"line":19,"column":5},"end":{"line":19,"column":17}}},"3":{"name":"(anonymous_3)","line":23,"loc":{"start":{"line":23,"column":24},"end":{"line":23,"column":36}}}},"statementMap":{"1":{"start":{"line":12,"column":0},"end":{"line":53,"column":5}},"2":{"start":{"line":14,"column":4},"end":{"line":14,"column":14}},"3":{"start":{"line":19,"column":4},"end":{"line":52,"column":9}},"4":{"start":{"line":21,"column":8},"end":{"line":21,"column":19}},"5":{"start":{"line":23,"column":8},"end":{"line":35,"column":13}},"6":{"start":{"line":24,"column":12},"end":{"line":34,"column":13}},"7":{"start":{"line":25,"column":16},"end":{"line":28,"column":30}},"8":{"start":{"line":30,"column":16},"end":{"line":33,"column":27}},"9":{"start":{"line":37,"column":8},"end":{"line":39,"column":21}},"10":{"start":{"line":41,"column":8},"end":{"line":41,"column":54}},"11":{"start":{"line":43,"column":8},"end":{"line":43,"column":56}},"12":{"start":{"line":45,"column":8},"end":{"line":51,"column":9}},"13":{"start":{"line":46,"column":12},"end":{"line":46,"column":62}},"14":{"start":{"line":48,"column":12},"end":{"line":48,"column":35}},"15":{"start":{"line":49,"column":12},"end":{"line":49,"column":49}},"16":{"start":{"line":50,"column":12},"end":{"line":50,"column":43}}},"branchMap":{"1":{"line":25,"type":"binary-expr","locations":[{"start":{"line":25,"column":23},"end":{"line":25,"column":62}},{"start":{"line":26,"column":20},"end":{"line":26,"column":70}},{"start":{"line":27,"column":20},"end":{"line":27,"column":71}},{"start":{"line":28,"column":20},"end":{"line":28,"column":29}}]},"2":{"line":30,"type":"binary-expr","locations":[{"start":{"line":30,"column":23},"end":{"line":30,"column":37}},{"start":{"line":31,"column":20},"end":{"line":31,"column":61}},{"start":{"line":32,"column":20},"end":{"line":32,"column":70}},{"start":{"line":33,"column":20},"end":{"line":33,"column":26}}]},"3":{"line":37,"type":"cond-expr","locations":[{"start":{"line":38,"column":14},"end":{"line":38,"column":20}},{"start":{"line":39,"column":14},"end":{"line":39,"column":20}}]},"4":{"line":41,"type":"binary-expr","locations":[{"start":{"line":41,"column":16},"end":{"line":41,"column":44}},{"start":{"line":41,"column":48},"end":{"line":41,"column":53}}]},"5":{"line":45,"type":"if","locations":[{"start":{"line":45,"column":8},"end":{"line":45,"column":8}},{"start":{"line":45,"column":8},"end":{"line":45,"column":8}}]}},"code":["/* istanbul instrument in package npmtest_live_server */","/*jslint","    bitwise: true,","    browser: true,","    maxerr: 8,","    maxlen: 96,","    node: true,","    nomen: true,","    regexp: true,","    stupid: true","*/","(function () {","    'use strict';","    var local;","","","","    // run shared js-env code - pre-init","    (function () {","        // init local","        local = {};","        // init modeJs","        local.modeJs = (function () {","            try {","                return typeof navigator.userAgent === 'string' &&","                    typeof document.querySelector('body') === 'object' &&","                    typeof XMLHttpRequest.prototype.open === 'function' &&","                    'browser';","            } catch (errorCaughtBrowser) {","                return module.exports &&","                    typeof process.versions.node === 'string' &&","                    typeof require('http').createServer === 'function' &&","                    'node';","            }","        }());","        // init global","        local.global = local.modeJs === 'browser'","            ? window","            : global;","        // init utility2_rollup","        local = local.global.utility2_rollup || local;","        // init lib","        local.local = local.npmtest_live_server = local;","        // init exports","        if (local.modeJs === 'browser') {","            local.global.utility2_npmtest_live_server = local;","        } else {","            module.exports = local;","            module.exports.__dirname = __dirname;","            module.exports.module = module;","        }","    }());","}());",""],"l":{"12":2,"14":2,"19":2,"21":2,"23":2,"24":2,"25":2,"30":1,"37":2,"41":2,"43":2,"45":2,"46":1,"48":1,"49":1,"50":1}},"/home/travis/build/npmtest/node-npmtest-live-server/example.js":{"path":"/home/travis/build/npmtest/node-npmtest-live-server/example.js","s":{"1":2,"2":2,"3":2,"4":2,"5":2,"6":2,"7":2,"8":1,"9":2,"10":2,"11":2,"12":2,"13":1,"14":2,"15":2,"16":2,"17":2,"18":2,"19":0,"20":2,"21":1,"22":1,"23":1,"24":1,"25":1,"26":0,"27":0,"28":1,"29":1,"30":2,"31":0,"32":0,"33":0,"34":1,"35":2,"36":2,"37":2,"38":2,"39":2,"40":2,"41":0,"42":2,"43":2,"44":2,"45":1,"46":3,"47":1,"48":1,"49":1,"50":1,"51":1,"52":1,"53":1,"54":1,"55":1,"56":1,"57":0,"58":1,"59":6,"60":6,"61":1,"62":2,"63":0,"64":2,"65":1,"66":1,"67":0,"68":0,"69":0,"70":0,"71":0,"72":0,"73":0,"74":0,"75":0,"76":0,"77":0,"78":0,"79":0,"80":0,"81":0,"82":0,"83":0},"b":{"1":[2,1,1,1],"2":[1,1,1,1],"3":[1,1],"4":[2,2],"5":[1,1],"6":[1,1],"7":[2,0],"8":[2,1,1,1,1,1],"9":[0,2,0],"10":[1,1],"11":[2,1,1],"12":[1,0],"13":[0,2],"14":[2,0,0,0,0,0,0],"15":[0,2],"16":[2,0],"17":[1,1],"18":[0,1],"19":[1,2,0,2],"20":[1,0],"21":[1,1],"22":[0,0],"23":[0,0],"24":[0,0],"25":[0,0],"26":[0,0],"27":[0,0],"28":[0,0]},"f":{"1":2,"2":2,"3":2,"4":2,"5":2,"6":2,"7":2,"8":2,"9":3,"10":1,"11":6,"12":0},"fnMap":{"1":{"name":"(anonymous_1)","line":26,"loc":{"start":{"line":26,"column":1},"end":{"line":26,"column":13}}},"2":{"name":"(anonymous_2)","line":33,"loc":{"start":{"line":33,"column":5},"end":{"line":33,"column":17}}},"3":{"name":"(anonymous_3)","line":37,"loc":{"start":{"line":37,"column":24},"end":{"line":37,"column":36}}},"4":{"name":"(anonymous_4)","line":69,"loc":{"start":{"line":69,"column":31},"end":{"line":69,"column":48}},"skip":true},"5":{"name":"(anonymous_5)","line":78,"loc":{"start":{"line":78,"column":26},"end":{"line":78,"column":45}},"skip":true},"6":{"name":"(anonymous_6)","line":123,"loc":{"start":{"line":123,"column":33},"end":{"line":123,"column":48}},"skip":true},"7":{"name":"(anonymous_7)","line":125,"loc":{"start":{"line":125,"column":27},"end":{"line":125,"column":39}},"skip":true},"8":{"name":"(anonymous_8)","line":133,"loc":{"start":{"line":133,"column":59},"end":{"line":133,"column":74}},"skip":true},"9":{"name":"(anonymous_9)","line":143,"loc":{"start":{"line":143,"column":45},"end":{"line":143,"column":62}},"skip":true},"10":{"name":"(anonymous_10)","line":144,"loc":{"start":{"line":144,"column":73},"end":{"line":144,"column":92}},"skip":true},"11":{"name":"(anonymous_11)","line":272,"loc":{"start":{"line":272,"column":51},"end":{"line":272,"column":77}},"skip":true},"12":{"name":"(anonymous_12)","line":314,"loc":{"start":{"line":314,"column":32},"end":{"line":314,"column":61}},"skip":true}},"statementMap":{"1":{"start":{"line":26,"column":0},"end":{"line":325,"column":5}},"2":{"start":{"line":28,"column":4},"end":{"line":28,"column":14}},"3":{"start":{"line":33,"column":4},"end":{"line":60,"column":9}},"4":{"start":{"line":35,"column":8},"end":{"line":35,"column":19}},"5":{"start":{"line":37,"column":8},"end":{"line":49,"column":13}},"6":{"start":{"line":38,"column":12},"end":{"line":48,"column":13}},"7":{"start":{"line":39,"column":16},"end":{"line":42,"column":30}},"8":{"start":{"line":44,"column":16},"end":{"line":47,"column":27}},"9":{"start":{"line":51,"column":8},"end":{"line":53,"column":21}},"10":{"start":{"line":55,"column":8},"end":{"line":57,"column":45}},"11":{"start":{"line":59,"column":8},"end":{"line":59,"column":35}},"12":{"start":{"line":61,"column":4},"end":{"line":324,"column":5}},"13":{"start":{"line":69,"column":8},"end":{"line":121,"column":10},"skip":true},"14":{"start":{"line":70,"column":12},"end":{"line":88,"column":13},"skip":true},"15":{"start":{"line":76,"column":16},"end":{"line":87,"column":19},"skip":true},"16":{"start":{"line":79,"column":20},"end":{"line":86,"column":21},"skip":true},"17":{"start":{"line":82,"column":24},"end":{"line":82,"column":43},"skip":true},"18":{"start":{"line":83,"column":24},"end":{"line":83,"column":30},"skip":true},"19":{"start":{"line":85,"column":24},"end":{"line":85,"column":49},"skip":true},"20":{"start":{"line":89,"column":12},"end":{"line":107,"column":13},"skip":true},"21":{"start":{"line":92,"column":16},"end":{"line":102,"column":17},"skip":true},"22":{"start":{"line":93,"column":20},"end":{"line":93,"column":86},"skip":true},"23":{"start":{"line":94,"column":20},"end":{"line":95,"column":45},"skip":true},"24":{"start":{"line":96,"column":20},"end":{"line":96,"column":42},"skip":true},"25":{"start":{"line":97,"column":20},"end":{"line":97,"column":48},"skip":true},"26":{"start":{"line":100,"column":20},"end":{"line":100,"column":85},"skip":true},"27":{"start":{"line":101,"column":20},"end":{"line":101,"column":96},"skip":true},"28":{"start":{"line":103,"column":16},"end":{"line":103,"column":22},"skip":true},"29":{"start":{"line":106,"column":16},"end":{"line":106,"column":22},"skip":true},"30":{"start":{"line":108,"column":12},"end":{"line":120,"column":13},"skip":true},"31":{"start":{"line":114,"column":16},"end":{"line":119,"column":17},"skip":true},"32":{"start":{"line":116,"column":20},"end":{"line":116,"column":78},"skip":true},"33":{"start":{"line":118,"column":20},"end":{"line":118,"column":47},"skip":true},"34":{"start":{"line":123,"column":8},"end":{"line":141,"column":11},"skip":true},"35":{"start":{"line":124,"column":12},"end":{"line":124,"column":54},"skip":true},"36":{"start":{"line":125,"column":12},"end":{"line":140,"column":14},"skip":true},"37":{"start":{"line":126,"column":16},"end":{"line":126,"column":28},"skip":true},"38":{"start":{"line":127,"column":16},"end":{"line":127,"column":69},"skip":true},"39":{"start":{"line":128,"column":16},"end":{"line":128,"column":75},"skip":true},"40":{"start":{"line":129,"column":16},"end":{"line":131,"column":17},"skip":true},"41":{"start":{"line":130,"column":20},"end":{"line":130,"column":27},"skip":true},"42":{"start":{"line":133,"column":16},"end":{"line":137,"column":36},"skip":true},"43":{"start":{"line":134,"column":20},"end":{"line":136,"column":55},"skip":true},"44":{"start":{"line":139,"column":16},"end":{"line":139,"column":57},"skip":true},"45":{"start":{"line":143,"column":8},"end":{"line":147,"column":11},"skip":true},"46":{"start":{"line":144,"column":12},"end":{"line":146,"column":15},"skip":true},"47":{"start":{"line":145,"column":16},"end":{"line":145,"column":70},"skip":true},"48":{"start":{"line":149,"column":8},"end":{"line":149,"column":31},"skip":true},"49":{"start":{"line":150,"column":8},"end":{"line":150,"column":14},"skip":true},"50":{"start":{"line":158,"column":8},"end":{"line":158,"column":31},"skip":true},"51":{"start":{"line":160,"column":8},"end":{"line":160,"column":33},"skip":true},"52":{"start":{"line":161,"column":8},"end":{"line":161,"column":37},"skip":true},"53":{"start":{"line":162,"column":8},"end":{"line":162,"column":35},"skip":true},"54":{"start":{"line":164,"column":8},"end":{"line":164,"column":50},"skip":true},"55":{"start":{"line":166,"column":8},"end":{"line":256,"column":2},"skip":true},"56":{"start":{"line":258,"column":8},"end":{"line":286,"column":9},"skip":true},"57":{"start":{"line":259,"column":12},"end":{"line":269,"column":14},"skip":true},"58":{"start":{"line":271,"column":12},"end":{"line":285,"column":19},"skip":true},"59":{"start":{"line":274,"column":20},"end":{"line":274,"column":35},"skip":true},"60":{"start":{"line":275,"column":20},"end":{"line":284,"column":21},"skip":true},"61":{"start":{"line":277,"column":24},"end":{"line":277,"column":64},"skip":true},"62":{"start":{"line":279,"column":24},"end":{"line":279,"column":40},"skip":true},"63":{"start":{"line":281,"column":24},"end":{"line":281,"column":40},"skip":true},"64":{"start":{"line":283,"column":24},"end":{"line":283,"column":39},"skip":true},"65":{"start":{"line":288,"column":8},"end":{"line":290,"column":9},"skip":true},"66":{"start":{"line":289,"column":12},"end":{"line":289,"column":18},"skip":true},"67":{"start":{"line":291,"column":8},"end":{"line":293,"column":54},"skip":true},"68":{"start":{"line":294,"column":8},"end":{"line":301,"column":37},"skip":true},"69":{"start":{"line":302,"column":8},"end":{"line":302,"column":82},"skip":true},"70":{"start":{"line":305,"column":8},"end":{"line":307,"column":9},"skip":true},"71":{"start":{"line":306,"column":12},"end":{"line":306,"column":82},"skip":true},"72":{"start":{"line":309,"column":8},"end":{"line":311,"column":9},"skip":true},"73":{"start":{"line":310,"column":12},"end":{"line":310,"column":18},"skip":true},"74":{"start":{"line":312,"column":8},"end":{"line":312,"column":54},"skip":true},"75":{"start":{"line":313,"column":8},"end":{"line":313,"column":69},"skip":true},"76":{"start":{"line":314,"column":8},"end":{"line":322,"column":36},"skip":true},"77":{"start":{"line":315,"column":12},"end":{"line":315,"column":61},"skip":true},"78":{"start":{"line":316,"column":12},"end":{"line":319,"column":13},"skip":true},"79":{"start":{"line":317,"column":16},"end":{"line":317,"column":75},"skip":true},"80":{"start":{"line":318,"column":16},"end":{"line":318,"column":23},"skip":true},"81":{"start":{"line":320,"column":12},"end":{"line":320,"column":38},"skip":true},"82":{"start":{"line":321,"column":12},"end":{"line":321,"column":27},"skip":true},"83":{"start":{"line":323,"column":8},"end":{"line":323,"column":14},"skip":true}},"branchMap":{"1":{"line":39,"type":"binary-expr","locations":[{"start":{"line":39,"column":23},"end":{"line":39,"column":62}},{"start":{"line":40,"column":20},"end":{"line":40,"column":70}},{"start":{"line":41,"column":20},"end":{"line":41,"column":71}},{"start":{"line":42,"column":20},"end":{"line":42,"column":29}}]},"2":{"line":44,"type":"binary-expr","locations":[{"start":{"line":44,"column":23},"end":{"line":44,"column":37}},{"start":{"line":45,"column":20},"end":{"line":45,"column":61}},{"start":{"line":46,"column":20},"end":{"line":46,"column":70}},{"start":{"line":47,"column":20},"end":{"line":47,"column":26}}]},"3":{"line":51,"type":"cond-expr","locations":[{"start":{"line":52,"column":14},"end":{"line":52,"column":20}},{"start":{"line":53,"column":14},"end":{"line":53,"column":20}}]},"4":{"line":55,"type":"binary-expr","locations":[{"start":{"line":55,"column":16},"end":{"line":55,"column":44}},{"start":{"line":55,"column":49},"end":{"line":57,"column":43}}]},"5":{"line":55,"type":"cond-expr","locations":[{"start":{"line":56,"column":14},"end":{"line":56,"column":55}},{"start":{"line":57,"column":14},"end":{"line":57,"column":43}}]},"6":{"line":61,"type":"switch","locations":[{"start":{"line":68,"column":4},"end":{"line":150,"column":14},"skip":true},{"start":{"line":156,"column":4},"end":{"line":323,"column":14},"skip":true}]},"7":{"line":70,"type":"if","locations":[{"start":{"line":70,"column":12},"end":{"line":70,"column":12},"skip":true},{"start":{"line":70,"column":12},"end":{"line":70,"column":12},"skip":true}]},"8":{"line":70,"type":"binary-expr","locations":[{"start":{"line":70,"column":16},"end":{"line":70,"column":22},"skip":true},{"start":{"line":70,"column":27},"end":{"line":70,"column":32},"skip":true},{"start":{"line":71,"column":20},"end":{"line":71,"column":39},"skip":true},{"start":{"line":72,"column":20},"end":{"line":72,"column":49},"skip":true},{"start":{"line":73,"column":20},"end":{"line":73,"column":58},"skip":true},{"start":{"line":74,"column":20},"end":{"line":74,"column":69},"skip":true}]},"9":{"line":79,"type":"switch","locations":[{"start":{"line":80,"column":20},"end":{"line":80,"column":33},"skip":true},{"start":{"line":81,"column":20},"end":{"line":83,"column":30},"skip":true},{"start":{"line":84,"column":20},"end":{"line":85,"column":49},"skip":true}]},"10":{"line":89,"type":"switch","locations":[{"start":{"line":90,"column":12},"end":{"line":103,"column":22},"skip":true},{"start":{"line":105,"column":12},"end":{"line":106,"column":22},"skip":true}]},"11":{"line":89,"type":"binary-expr","locations":[{"start":{"line":89,"column":20},"end":{"line":89,"column":25},"skip":true},{"start":{"line":89,"column":29},"end":{"line":89,"column":48},"skip":true},{"start":{"line":89,"column":52},"end":{"line":89,"column":74},"skip":true}]},"12":{"line":92,"type":"if","locations":[{"start":{"line":92,"column":16},"end":{"line":92,"column":16},"skip":true},{"start":{"line":92,"column":16},"end":{"line":92,"column":16},"skip":true}]},"13":{"line":108,"type":"if","locations":[{"start":{"line":108,"column":12},"end":{"line":108,"column":12},"skip":true},{"start":{"line":108,"column":12},"end":{"line":108,"column":12},"skip":true}]},"14":{"line":108,"type":"binary-expr","locations":[{"start":{"line":108,"column":16},"end":{"line":108,"column":61},"skip":true},{"start":{"line":108,"column":66},"end":{"line":108,"column":72},"skip":true},{"start":{"line":108,"column":77},"end":{"line":108,"column":82},"skip":true},{"start":{"line":109,"column":20},"end":{"line":109,"column":39},"skip":true},{"start":{"line":110,"column":20},"end":{"line":110,"column":49},"skip":true},{"start":{"line":111,"column":20},"end":{"line":111,"column":58},"skip":true},{"start":{"line":112,"column":20},"end":{"line":112,"column":68},"skip":true}]},"15":{"line":129,"type":"if","locations":[{"start":{"line":129,"column":16},"end":{"line":129,"column":16},"skip":true},{"start":{"line":129,"column":16},"end":{"line":129,"column":16},"skip":true}]},"16":{"line":134,"type":"cond-expr","locations":[{"start":{"line":135,"column":26},"end":{"line":135,"column":29},"skip":true},{"start":{"line":136,"column":26},"end":{"line":136,"column":54},"skip":true}]},"17":{"line":164,"type":"binary-expr","locations":[{"start":{"line":164,"column":27},"end":{"line":164,"column":43},"skip":true},{"start":{"line":164,"column":47},"end":{"line":164,"column":49},"skip":true}]},"18":{"line":258,"type":"if","locations":[{"start":{"line":258,"column":8},"end":{"line":258,"column":8},"skip":true},{"start":{"line":258,"column":8},"end":{"line":258,"column":8},"skip":true}]},"19":{"line":275,"type":"switch","locations":[{"start":{"line":276,"column":20},"end":{"line":277,"column":64},"skip":true},{"start":{"line":278,"column":20},"end":{"line":279,"column":40},"skip":true},{"start":{"line":280,"column":20},"end":{"line":281,"column":40},"skip":true},{"start":{"line":282,"column":20},"end":{"line":283,"column":39},"skip":true}]},"20":{"line":288,"type":"if","locations":[{"start":{"line":288,"column":8},"end":{"line":288,"column":8},"skip":true},{"start":{"line":288,"column":8},"end":{"line":288,"column":8},"skip":true}]},"21":{"line":288,"type":"binary-expr","locations":[{"start":{"line":288,"column":12},"end":{"line":288,"column":40},"skip":true},{"start":{"line":288,"column":44},"end":{"line":288,"column":67},"skip":true}]},"22":{"line":292,"type":"binary-expr","locations":[{"start":{"line":292,"column":12},"end":{"line":292,"column":50},"skip":true},{"start":{"line":293,"column":12},"end":{"line":293,"column":53},"skip":true}]},"23":{"line":295,"type":"binary-expr","locations":[{"start":{"line":295,"column":12},"end":{"line":295,"column":69},"skip":true},{"start":{"line":296,"column":12},"end":{"line":301,"column":36},"skip":true}]},"24":{"line":302,"type":"binary-expr","locations":[{"start":{"line":302,"column":43},"end":{"line":302,"column":75},"skip":true},{"start":{"line":302,"column":79},"end":{"line":302,"column":81},"skip":true}]},"25":{"line":305,"type":"if","locations":[{"start":{"line":305,"column":8},"end":{"line":305,"column":8},"skip":true},{"start":{"line":305,"column":8},"end":{"line":305,"column":8},"skip":true}]},"26":{"line":309,"type":"if","locations":[{"start":{"line":309,"column":8},"end":{"line":309,"column":8},"skip":true},{"start":{"line":309,"column":8},"end":{"line":309,"column":8},"skip":true}]},"27":{"line":312,"type":"binary-expr","locations":[{"start":{"line":312,"column":27},"end":{"line":312,"column":43},"skip":true},{"start":{"line":312,"column":47},"end":{"line":312,"column":53},"skip":true}]},"28":{"line":316,"type":"if","locations":[{"start":{"line":316,"column":12},"end":{"line":316,"column":12},"skip":true},{"start":{"line":316,"column":12},"end":{"line":316,"column":12},"skip":true}]}},"code":["/*","example.js","","quickstart example","","instruction","    1. save this script as example.js","    2. run the shell command:","        $ npm install npmtest-live-server && PORT=8081 node example.js","    3. play with the browser-demo on http://127.0.0.1:8081","*/","","","","/* istanbul instrument in package npmtest_live_server */","/*jslint","    bitwise: true,","    browser: true,","    maxerr: 8,","    maxlen: 96,","    node: true,","    nomen: true,","    regexp: true,","    stupid: true","*/","(function () {","    'use strict';","    var local;","","","","    // run shared js-env code - pre-init","    (function () {","        // init local","        local = {};","        // init modeJs","        local.modeJs = (function () {","            try {","                return typeof navigator.userAgent === 'string' &&","                    typeof document.querySelector('body') === 'object' &&","                    typeof XMLHttpRequest.prototype.open === 'function' &&","                    'browser';","            } catch (errorCaughtBrowser) {","                return module.exports &&","                    typeof process.versions.node === 'string' &&","                    typeof require('http').createServer === 'function' &&","                    'node';","            }","        }());","        // init global","        local.global = local.modeJs === 'browser'","            ? window","            : global;","        // init utility2_rollup","        local = local.global.utility2_rollup || (local.modeJs === 'browser'","            ? local.global.utility2_npmtest_live_server","            : global.utility2_moduleExports);","        // export local","        local.global.local = local;","    }());","    switch (local.modeJs) {","","","","    // post-init","    // run browser js-env code - post-init","    /* istanbul ignore next */","    case 'browser':","        local.testRunBrowser = function (event) {","            if (!event || (event &&","                    event.currentTarget &&","                    event.currentTarget.className &&","                    event.currentTarget.className.includes &&","                    event.currentTarget.className.includes('onreset'))) {","                // reset output","                Array.from(","                    document.querySelectorAll('body > .resettable')","                ).forEach(function (element) {","                    switch (element.tagName) {","                    case 'INPUT':","                    case 'TEXTAREA':","                        element.value = '';","                        break;","                    default:","                        element.textContent = '';","                    }","                });","            }","            switch (event && event.currentTarget && event.currentTarget.id) {","            case 'testRunButton1':","                // show tests","                if (document.querySelector('#testReportDiv1').style.display === 'none') {","                    document.querySelector('#testReportDiv1').style.display = 'block';","                    document.querySelector('#testRunButton1').textContent =","                        'hide internal test';","                    local.modeTest = true;","                    local.testRunDefault(local);","                // hide tests","                } else {","                    document.querySelector('#testReportDiv1').style.display = 'none';","                    document.querySelector('#testRunButton1').textContent = 'run internal test';","                }","                break;","            // custom-case","            default:","                break;","            }","            if (document.querySelector('#inputTextareaEval1') && (!event || (event &&","                    event.currentTarget &&","                    event.currentTarget.className &&","                    event.currentTarget.className.includes &&","                    event.currentTarget.className.includes('oneval')))) {","                // try to eval input-code","                try {","                    /*jslint evil: true*/","                    eval(document.querySelector('#inputTextareaEval1').value);","                } catch (errorCaught) {","                    console.error(errorCaught);","                }","            }","        };","        // log stderr and stdout to #outputTextareaStdout1","        ['error', 'log'].forEach(function (key) {","            console[key + '_original'] = console[key];","            console[key] = function () {","                var element;","                console[key + '_original'].apply(console, arguments);","                element = document.querySelector('#outputTextareaStdout1');","                if (!element) {","                    return;","                }","                // append text to #outputTextareaStdout1","                element.value += Array.from(arguments).map(function (arg) {","                    return typeof arg === 'string'","                        ? arg","                        : JSON.stringify(arg, null, 4);","                }).join(' ') + '\\n';","                // scroll textarea to bottom","                element.scrollTop = element.scrollHeight;","            };","        });","        // init event-handling","        ['change', 'click', 'keyup'].forEach(function (event) {","            Array.from(document.querySelectorAll('.on' + event)).forEach(function (element) {","                element.addEventListener(event, local.testRunBrowser);","            });","        });","        // run tests","        local.testRunBrowser();","        break;","","","","    // run node js-env code - post-init","    /* istanbul ignore next */","    case 'node':","        // export local","        module.exports = local;","        // require modules","        local.fs = require('fs');","        local.http = require('http');","        local.url = require('url');","        // init assets","        local.assetsDict = local.assetsDict || {};","        /* jslint-ignore-begin */","        local.assetsDict['/assets.index.template.html'] = '\\","<!doctype html>\\n\\","<html lang=\"en\">\\n\\","<head>\\n\\","<meta charset=\"UTF-8\">\\n\\","<meta name=\"viewport\" content=\"width=device-width, initial-scale=1\">\\n\\","<title>{{env.npm_package_name}} (v{{env.npm_package_version}})</title>\\n\\","<style>\\n\\","/*csslint\\n\\","    box-sizing: false,\\n\\","    universal-selector: false\\n\\","*/\\n\\","* {\\n\\","    box-sizing: border-box;\\n\\","}\\n\\","body {\\n\\","    background: #dde;\\n\\","    font-family: Arial, Helvetica, sans-serif;\\n\\","    margin: 2rem;\\n\\","}\\n\\","body > * {\\n\\","    margin-bottom: 1rem;\\n\\","}\\n\\",".utility2FooterDiv {\\n\\","    margin-top: 20px;\\n\\","    text-align: center;\\n\\","}\\n\\","</style>\\n\\","<style>\\n\\","/*csslint\\n\\","*/\\n\\","textarea {\\n\\","    font-family: monospace;\\n\\","    height: 10rem;\\n\\","    width: 100%;\\n\\","}\\n\\","textarea[readonly] {\\n\\","    background: #ddd;\\n\\","}\\n\\","</style>\\n\\","</head>\\n\\","<body>\\n\\","<!-- utility2-comment\\n\\","<div id=\"ajaxProgressDiv1\" style=\"background: #d00; height: 2px; left: 0; margin: 0; padding: 0; position: fixed; top: 0; transition: background 0.5s, width 1.5s; width: 25%;\"></div>\\n\\","utility2-comment -->\\n\\","<h1>\\n\\","<!-- utility2-comment\\n\\","    <a\\n\\","        {{#if env.npm_package_homepage}}\\n\\","        href=\"{{env.npm_package_homepage}}\"\\n\\","        {{/if env.npm_package_homepage}}\\n\\","        target=\"_blank\"\\n\\","    >\\n\\","utility2-comment -->\\n\\","        {{env.npm_package_name}} (v{{env.npm_package_version}})\\n\\","<!-- utility2-comment\\n\\","    </a>\\n\\","utility2-comment -->\\n\\","</h1>\\n\\","<h3>{{env.npm_package_description}}</h3>\\n\\","<!-- utility2-comment\\n\\","<h4><a download href=\"assets.app.js\">download standalone app</a></h4>\\n\\","<button class=\"onclick onreset\" id=\"testRunButton1\">run internal test</button><br>\\n\\","<div id=\"testReportDiv1\" style=\"display: none;\"></div>\\n\\","utility2-comment -->\\n\\","\\n\\","\\n\\","\\n\\","<label>stderr and stdout</label>\\n\\","<textarea class=\"resettable\" id=\"outputTextareaStdout1\" readonly></textarea>\\n\\","<!-- utility2-comment\\n\\","{{#if isRollup}}\\n\\","<script src=\"assets.app.js\"></script>\\n\\","{{#unless isRollup}}\\n\\","utility2-comment -->\\n\\","<script src=\"assets.utility2.rollup.js\"></script>\\n\\","<script src=\"jsonp.utility2._stateInit?callback=window.utility2._stateInit\"></script>\\n\\","<script src=\"assets.npmtest_live_server.rollup.js\"></script>\\n\\","<script src=\"assets.example.js\"></script>\\n\\","<script src=\"assets.test.js\"></script>\\n\\","<!-- utility2-comment\\n\\","{{/if isRollup}}\\n\\","utility2-comment -->\\n\\","<div class=\"utility2FooterDiv\">\\n\\","    [ this app was created with\\n\\","    <a href=\"https://github.com/kaizhu256/node-utility2\" target=\"_blank\">utility2</a>\\n\\","    ]\\n\\","</div>\\n\\","</body>\\n\\","</html>\\n\\","';","        /* jslint-ignore-end */","        if (local.templateRender) {","            local.assetsDict['/'] = local.templateRender(","                local.assetsDict['/assets.index.template.html'],","                {","                    env: local.objectSetDefault(local.env, {","                        npm_package_description: 'the greatest app in the world!',","                        npm_package_name: 'my-app',","                        npm_package_nameAlias: 'my_app',","                        npm_package_version: '0.0.1'","                    })","                }","            );","        } else {","            local.assetsDict['/'] = local.assetsDict['/assets.index.template.html']","                .replace((/\\{\\{env\\.(\\w+?)\\}\\}/g), function (match0, match1) {","                    // jslint-hack","                    String(match0);","                    switch (match1) {","                    case 'npm_package_description':","                        return 'the greatest app in the world!';","                    case 'npm_package_name':","                        return 'my-app';","                    case 'npm_package_nameAlias':","                        return 'my_app';","                    case 'npm_package_version':","                        return '0.0.1';","                    }","                });","        }","        // run the cli","        if (local.global.utility2_rollup || module !== require.main) {","            break;","        }","        local.assetsDict['/assets.example.js'] =","            local.assetsDict['/assets.example.js'] ||","            local.fs.readFileSync(__filename, 'utf8');","        local.assetsDict['/assets.npmtest_live_server.rollup.js'] =","            local.assetsDict['/assets.npmtest_live_server.rollup.js'] ||","            local.fs.readFileSync(","                // buildCustomOrg-hack","                local.npmtest_live_server.__dirname +","                    '/lib.npmtest_live_server.js',","                'utf8'","            ).replace((/^#!/), '//');","        local.assetsDict['/favicon.ico'] = local.assetsDict['/favicon.ico'] || '';","        // if $npm_config_timeout_exit exists,","        // then exit this process after $npm_config_timeout_exit ms","        if (Number(process.env.npm_config_timeout_exit)) {","            setTimeout(process.exit, Number(process.env.npm_config_timeout_exit));","        }","        // start server","        if (local.global.utility2_serverHttp1) {","            break;","        }","        process.env.PORT = process.env.PORT || '8081';","        console.error('server starting on port ' + process.env.PORT);","        local.http.createServer(function (request, response) {","            request.urlParsed = local.url.parse(request.url);","            if (local.assetsDict[request.urlParsed.pathname] !== undefined) {","                response.end(local.assetsDict[request.urlParsed.pathname]);","                return;","            }","            response.statusCode = 404;","            response.end();","        }).listen(process.env.PORT);","        break;","    }","}());",""],"l":{"26":2,"28":2,"33":2,"35":2,"37":2,"38":2,"39":2,"44":1,"51":2,"55":2,"59":2,"61":2,"69":1,"70":2,"76":2,"79":2,"82":2,"83":2,"85":1,"89":2,"92":1,"93":1,"94":1,"96":1,"97":1,"100":1,"101":1,"103":1,"106":1,"108":2,"114":1,"116":1,"118":1,"123":1,"124":2,"125":2,"126":2,"127":2,"128":2,"129":2,"130":1,"133":2,"134":2,"139":2,"143":1,"144":3,"145":1,"149":1,"150":1,"158":1,"160":1,"161":1,"162":1,"164":1,"166":1,"258":1,"259":1,"271":1,"274":6,"275":6,"277":1,"279":2,"281":1,"283":2,"288":1,"289":1,"291":1,"294":1,"302":1,"305":1,"306":1,"309":1,"310":1,"312":1,"313":1,"314":1,"315":1,"316":1,"317":1,"318":1,"320":1,"321":1,"323":1}},"/home/travis/build/npmtest/node-npmtest-live-server/node_modules/live-server/index.js":{"path":"/home/travis/build/npmtest/node-npmtest-live-server/node_modules/live-server/index.js","s":{"1":1,"2":1,"3":1,"4":1,"5":1,"6":0,"7":1,"8":1,"9":1,"10":1,"11":0,"12":0,"13":1,"14":0,"15":0,"16":0,"17":0,"18":0,"19":0,"20":1,"21":0,"22":0,"23":0,"24":0,"25":1,"26":0,"27":0,"28":0,"29":0,"30":0,"31":0,"32":0,"33":0,"34":0,"35":0,"36":1,"37":0,"38":0,"39":0,"40":1,"41":0,"42":0,"43":0,"44":0,"45":0,"46":0,"47":0,"48":1,"49":1,"50":1,"51":0,"52":0,"53":0,"54":0,"55":1,"56":1,"57":1,"58":1,"59":1,"60":1,"61":1,"62":1,"63":1,"64":1,"65":0,"66":1,"67":1,"68":1,"69":1,"70":1,"71":1,"72":1,"73":1,"74":1,"75":1,"76":1,"77":1,"78":0,"79":0,"80":0,"81":1,"82":0,"83":1,"84":0,"85":0,"86":0,"87":0,"88":0,"89":0,"90":1,"91":0,"92":0,"93":0,"94":1,"95":0,"96":1,"97":0,"98":0,"99":0,"100":0,"101":0,"102":0,"103":1,"104":0,"105":0,"106":0,"107":0,"108":0,"109":0,"110":1,"111":1,"112":1,"113":0,"114":0,"115":0,"116":0,"117":0,"118":1,"119":1,"120":1,"121":1,"122":1,"123":1,"124":1,"125":1,"126":0,"127":0,"128":1,"129":1,"130":1,"131":1,"132":1,"133":1,"134":1,"135":1,"136":1,"137":0,"138":0,"139":0,"140":0,"141":0,"142":0,"143":0,"144":0,"145":1,"146":1,"147":1,"148":1,"149":0,"150":0,"151":1,"152":1,"153":0,"154":0,"155":1,"156":1,"157":1,"158":1,"159":0,"160":0,"161":0,"162":0,"163":0,"164":0,"165":0,"166":0,"167":0,"168":0,"169":0,"170":0,"171":0,"172":0,"173":0,"174":0,"175":0,"176":1,"177":3757,"178":1,"179":0,"180":1,"181":0,"182":1,"183":1,"184":7,"185":7,"186":7,"187":0,"188":7,"189":7,"190":0,"191":0,"192":1,"193":1,"194":1,"195":0,"196":1,"197":1,"198":0,"199":0,"200":0,"201":0,"202":0,"203":0,"204":1},"b":{"1":[0,0],"2":[0,0],"3":[0,0],"4":[0,0],"5":[0,0],"6":[0,0],"7":[0,0],"8":[0,0],"9":[0,0],"10":[0,0],"11":[0,0],"12":[1,0],"13":[1,0],"14":[1,1],"15":[1,0],"16":[1,1],"17":[1,0],"18":[1,1],"19":[0,1],"20":[1,0],"21":[1,1],"22":[0,0],"23":[0,0],"24":[0,1],"25":[1,0],"26":[1,1],"27":[1,1],"28":[1,1],"29":[1,1],"30":[1,0],"31":[1,0],"32":[1,0],"33":[0,0],"34":[0,1],"35":[0,0],"36":[0,0],"37":[0,1],"38":[0,1],"39":[0,0],"40":[0,0],"41":[0,0],"42":[0,1],"43":[0,0],"44":[1,0],"45":[1,0],"46":[1,0],"47":[0,1],"48":[1,0],"49":[1,0],"50":[1,0],"51":[1,0],"52":[1,0],"53":[0,1],"54":[0,0],"55":[0,0],"56":[3757,3757],"57":[0,1],"58":[0,1],"59":[7,0],"60":[0,7],"61":[0,0],"62":[0,0],"63":[1,0],"64":[0,0],"65":[0,0]},"f":{"1":0,"2":1,"3":0,"4":0,"5":0,"6":0,"7":0,"8":0,"9":1,"10":0,"11":0,"12":1,"13":0,"14":0,"15":0,"16":0,"17":1,"18":1,"19":1,"20":0,"21":0,"22":0,"23":0,"24":0,"25":0,"26":0,"27":0,"28":0,"29":0,"30":0,"31":0,"32":0,"33":3757,"34":7,"35":0,"36":1,"37":0,"38":0},"fnMap":{"1":{"name":"escape","line":25,"loc":{"start":{"line":25,"column":0},"end":{"line":25,"column":21}}},"2":{"name":"staticServer","line":34,"loc":{"start":{"line":34,"column":0},"end":{"line":34,"column":28}}},"3":{"name":"(anonymous_3)","line":41,"loc":{"start":{"line":41,"column":8},"end":{"line":41,"column":33}}},"4":{"name":"directory","line":48,"loc":{"start":{"line":48,"column":2},"end":{"line":48,"column":23}}},"5":{"name":"file","line":55,"loc":{"start":{"line":55,"column":2},"end":{"line":55,"column":37}}},"6":{"name":"error","line":75,"loc":{"start":{"line":75,"column":2},"end":{"line":75,"column":22}}},"7":{"name":"inject","line":80,"loc":{"start":{"line":80,"column":2},"end":{"line":80,"column":26}}},"8":{"name":"(anonymous_8)","line":86,"loc":{"start":{"line":86,"column":18},"end":{"line":86,"column":33}}},"9":{"name":"entryPoint","line":106,"loc":{"start":{"line":106,"column":0},"end":{"line":106,"column":41}}},"10":{"name":"(anonymous_10)","line":107,"loc":{"start":{"line":107,"column":19},"end":{"line":107,"column":44}}},"11":{"name":"(anonymous_11)","line":109,"loc":{"start":{"line":109,"column":8},"end":{"line":109,"column":33}}},"12":{"name":"(anonymous_12)","line":131,"loc":{"start":{"line":131,"column":19},"end":{"line":131,"column":37}}},"13":{"name":"(anonymous_13)","line":158,"loc":{"start":{"line":158,"column":9},"end":{"line":158,"column":29}}},"14":{"name":"(anonymous_14)","line":168,"loc":{"start":{"line":168,"column":16},"end":{"line":168,"column":29}}},"15":{"name":"(anonymous_15)","line":195,"loc":{"start":{"line":195,"column":15},"end":{"line":195,"column":35}}},"16":{"name":"(anonymous_16)","line":203,"loc":{"start":{"line":203,"column":15},"end":{"line":203,"column":35}}},"17":{"name":"(anonymous_17)","line":229,"loc":{"start":{"line":229,"column":29},"end":{"line":229,"column":41}}},"18":{"name":"(anonymous_18)","line":233,"loc":{"start":{"line":233,"column":14},"end":{"line":233,"column":25}}},"19":{"name":"(anonymous_19)","line":243,"loc":{"start":{"line":243,"column":33},"end":{"line":243,"column":49}}},"20":{"name":"(anonymous_20)","line":257,"loc":{"start":{"line":257,"column":9},"end":{"line":257,"column":25}}},"21":{"name":"(anonymous_21)","line":261,"loc":{"start":{"line":261,"column":12},"end":{"line":261,"column":38}}},"22":{"name":"(anonymous_22)","line":262,"loc":{"start":{"line":262,"column":22},"end":{"line":262,"column":37}}},"23":{"name":"(anonymous_23)","line":264,"loc":{"start":{"line":264,"column":16},"end":{"line":264,"column":31}}},"24":{"name":"(anonymous_24)","line":269,"loc":{"start":{"line":269,"column":9},"end":{"line":269,"column":24}}},"25":{"name":"(anonymous_25)","line":289,"loc":{"start":{"line":289,"column":21},"end":{"line":289,"column":33}}},"26":{"name":"(anonymous_26)","line":302,"loc":{"start":{"line":302,"column":31},"end":{"line":302,"column":63}}},"27":{"name":"(anonymous_27)","line":304,"loc":{"start":{"line":304,"column":14},"end":{"line":304,"column":25}}},"28":{"name":"(anonymous_28)","line":307,"loc":{"start":{"line":307,"column":4},"end":{"line":307,"column":15}}},"29":{"name":"(anonymous_29)","line":310,"loc":{"start":{"line":310,"column":14},"end":{"line":310,"column":25}}},"30":{"name":"(anonymous_30)","line":313,"loc":{"start":{"line":313,"column":30},"end":{"line":313,"column":40}}},"31":{"name":"(anonymous_31)","line":320,"loc":{"start":{"line":320,"column":15},"end":{"line":320,"column":26}}},"32":{"name":"(anonymous_32)","line":321,"loc":{"start":{"line":321,"column":28},"end":{"line":321,"column":41}}},"33":{"name":"(anonymous_33)","line":330,"loc":{"start":{"line":330,"column":2},"end":{"line":330,"column":21}}},"34":{"name":"handleChange","line":345,"loc":{"start":{"line":345,"column":1},"end":{"line":345,"column":35}}},"35":{"name":"(anonymous_35)","line":352,"loc":{"start":{"line":352,"column":18},"end":{"line":352,"column":31}}},"36":{"name":"(anonymous_36)","line":363,"loc":{"start":{"line":363,"column":15},"end":{"line":363,"column":27}}},"37":{"name":"(anonymous_37)","line":367,"loc":{"start":{"line":367,"column":15},"end":{"line":367,"column":30}}},"38":{"name":"(anonymous_38)","line":374,"loc":{"start":{"line":374,"column":22},"end":{"line":374,"column":33}}}},"statementMap":{"1":{"start":{"line":2,"column":0},"end":{"line":14,"column":32}},"2":{"start":{"line":15,"column":0},"end":{"line":15,"column":18}},"3":{"start":{"line":17,"column":0},"end":{"line":17,"column":83}},"4":{"start":{"line":19,"column":0},"end":{"line":23,"column":2}},"5":{"start":{"line":25,"column":0},"end":{"line":31,"column":1}},"6":{"start":{"line":26,"column":1},"end":{"line":30,"column":27}},"7":{"start":{"line":34,"column":0},"end":{"line":99,"column":1}},"8":{"start":{"line":35,"column":1},"end":{"line":35,"column":20}},"9":{"start":{"line":36,"column":1},"end":{"line":40,"column":2}},"10":{"start":{"line":37,"column":2},"end":{"line":37,"column":38}},"11":{"start":{"line":39,"column":2},"end":{"line":39,"column":35}},"12":{"start":{"line":39,"column":27},"end":{"line":39,"column":35}},"13":{"start":{"line":41,"column":1},"end":{"line":98,"column":3}},"14":{"start":{"line":42,"column":2},"end":{"line":42,"column":67}},"15":{"start":{"line":42,"column":53},"end":{"line":42,"column":67}},"16":{"start":{"line":43,"column":2},"end":{"line":43,"column":58}},"17":{"start":{"line":44,"column":2},"end":{"line":44,"column":40}},"18":{"start":{"line":45,"column":2},"end":{"line":45,"column":105}},"19":{"start":{"line":46,"column":2},"end":{"line":46,"column":23}},"20":{"start":{"line":48,"column":2},"end":{"line":53,"column":3}},"21":{"start":{"line":49,"column":3},"end":{"line":49,"column":54}},"22":{"start":{"line":50,"column":3},"end":{"line":50,"column":24}},"23":{"start":{"line":51,"column":3},"end":{"line":51,"column":45}},"24":{"start":{"line":52,"column":3},"end":{"line":52,"column":55}},"25":{"start":{"line":55,"column":2},"end":{"line":73,"column":3}},"26":{"start":{"line":56,"column":3},"end":{"line":57,"column":76}},"27":{"start":{"line":58,"column":3},"end":{"line":72,"column":4}},"28":{"start":{"line":60,"column":4},"end":{"line":60,"column":53}},"29":{"start":{"line":61,"column":4},"end":{"line":67,"column":5}},"30":{"start":{"line":62,"column":5},"end":{"line":62,"column":48}},"31":{"start":{"line":63,"column":5},"end":{"line":66,"column":6}},"32":{"start":{"line":64,"column":6},"end":{"line":64,"column":27}},"33":{"start":{"line":65,"column":6},"end":{"line":65,"column":12}},"34":{"start":{"line":68,"column":4},"end":{"line":71,"column":5}},"35":{"start":{"line":69,"column":5},"end":{"line":70,"column":76}},"36":{"start":{"line":75,"column":2},"end":{"line":78,"column":3}},"37":{"start":{"line":76,"column":3},"end":{"line":76,"column":41}},"38":{"start":{"line":76,"column":27},"end":{"line":76,"column":41}},"39":{"start":{"line":77,"column":3},"end":{"line":77,"column":13}},"40":{"start":{"line":80,"column":2},"end":{"line":90,"column":3}},"41":{"start":{"line":81,"column":3},"end":{"line":89,"column":4}},"42":{"start":{"line":83,"column":4},"end":{"line":83,"column":69}},"43":{"start":{"line":84,"column":4},"end":{"line":84,"column":41}},"44":{"start":{"line":85,"column":4},"end":{"line":85,"column":35}},"45":{"start":{"line":86,"column":4},"end":{"line":88,"column":6}},"46":{"start":{"line":87,"column":5},"end":{"line":87,"column":109}},"47":{"start":{"line":92,"column":2},"end":{"line":97,"column":14}},"48":{"start":{"line":106,"column":0},"end":{"line":113,"column":1}},"49":{"start":{"line":107,"column":1},"end":{"line":107,"column":56}},"50":{"start":{"line":107,"column":12},"end":{"line":107,"column":56}},"51":{"start":{"line":107,"column":46},"end":{"line":107,"column":53}},"52":{"start":{"line":109,"column":1},"end":{"line":112,"column":3}},"53":{"start":{"line":110,"column":2},"end":{"line":110,"column":23}},"54":{"start":{"line":111,"column":2},"end":{"line":111,"column":32}},"55":{"start":{"line":131,"column":0},"end":{"line":372,"column":2}},"56":{"start":{"line":132,"column":1},"end":{"line":132,"column":25}},"57":{"start":{"line":133,"column":1},"end":{"line":133,"column":38}},"58":{"start":{"line":134,"column":1},"end":{"line":134,"column":61}},"59":{"start":{"line":135,"column":1},"end":{"line":135,"column":42}},"60":{"start":{"line":136,"column":1},"end":{"line":136,"column":33}},"61":{"start":{"line":137,"column":1},"end":{"line":137,"column":42}},"62":{"start":{"line":138,"column":1},"end":{"line":138,"column":77}},"63":{"start":{"line":139,"column":1},"end":{"line":140,"column":81}},"64":{"start":{"line":141,"column":1},"end":{"line":141,"column":40}},"65":{"start":{"line":141,"column":24},"end":{"line":141,"column":40}},"66":{"start":{"line":142,"column":1},"end":{"line":142,"column":25}},"67":{"start":{"line":143,"column":1},"end":{"line":143,"column":46}},"68":{"start":{"line":144,"column":1},"end":{"line":144,"column":60}},"69":{"start":{"line":145,"column":1},"end":{"line":145,"column":39}},"70":{"start":{"line":146,"column":1},"end":{"line":146,"column":41}},"71":{"start":{"line":147,"column":1},"end":{"line":147,"column":34}},"72":{"start":{"line":148,"column":1},"end":{"line":148,"column":35}},"73":{"start":{"line":149,"column":1},"end":{"line":149,"column":33}},"74":{"start":{"line":150,"column":1},"end":{"line":150,"column":43}},"75":{"start":{"line":153,"column":1},"end":{"line":153,"column":21}},"76":{"start":{"line":156,"column":1},"end":{"line":163,"column":2}},"77":{"start":{"line":157,"column":2},"end":{"line":159,"column":6}},"78":{"start":{"line":158,"column":31},"end":{"line":158,"column":59}},"79":{"start":{"line":161,"column":8},"end":{"line":163,"column":2}},"80":{"start":{"line":162,"column":2},"end":{"line":162,"column":25}},"81":{"start":{"line":164,"column":1},"end":{"line":166,"column":2}},"82":{"start":{"line":165,"column":2},"end":{"line":165,"column":25}},"83":{"start":{"line":168,"column":1},"end":{"line":178,"column":4}},"84":{"start":{"line":169,"column":2},"end":{"line":176,"column":3}},"85":{"start":{"line":170,"column":3},"end":{"line":170,"column":50}},"86":{"start":{"line":171,"column":3},"end":{"line":175,"column":4}},"87":{"start":{"line":172,"column":4},"end":{"line":172,"column":65}},"88":{"start":{"line":174,"column":4},"end":{"line":174,"column":21}},"89":{"start":{"line":177,"column":2},"end":{"line":177,"column":14}},"90":{"start":{"line":181,"column":1},"end":{"line":188,"column":2}},"91":{"start":{"line":182,"column":2},"end":{"line":182,"column":34}},"92":{"start":{"line":183,"column":2},"end":{"line":186,"column":5}},"93":{"start":{"line":187,"column":2},"end":{"line":187,"column":31}},"94":{"start":{"line":189,"column":1},"end":{"line":194,"column":2}},"95":{"start":{"line":190,"column":2},"end":{"line":193,"column":6}},"96":{"start":{"line":195,"column":1},"end":{"line":202,"column":4}},"97":{"start":{"line":196,"column":2},"end":{"line":196,"column":60}},"98":{"start":{"line":197,"column":2},"end":{"line":198,"column":30}},"99":{"start":{"line":198,"column":3},"end":{"line":198,"column":30}},"100":{"start":{"line":199,"column":2},"end":{"line":199,"column":49}},"101":{"start":{"line":200,"column":2},"end":{"line":201,"column":62}},"102":{"start":{"line":201,"column":3},"end":{"line":201,"column":62}},"103":{"start":{"line":203,"column":1},"end":{"line":210,"column":4}},"104":{"start":{"line":204,"column":2},"end":{"line":204,"column":42}},"105":{"start":{"line":205,"column":2},"end":{"line":205,"column":23}},"106":{"start":{"line":206,"column":2},"end":{"line":206,"column":32}},"107":{"start":{"line":207,"column":2},"end":{"line":207,"column":64}},"108":{"start":{"line":208,"column":2},"end":{"line":209,"column":65}},"109":{"start":{"line":209,"column":3},"end":{"line":209,"column":65}},"110":{"start":{"line":211,"column":1},"end":{"line":213,"column":42}},"111":{"start":{"line":215,"column":1},"end":{"line":215,"column":22}},"112":{"start":{"line":216,"column":1},"end":{"line":226,"column":2}},"113":{"start":{"line":217,"column":2},"end":{"line":217,"column":26}},"114":{"start":{"line":218,"column":2},"end":{"line":220,"column":3}},"115":{"start":{"line":219,"column":3},"end":{"line":219,"column":61}},"116":{"start":{"line":221,"column":2},"end":{"line":221,"column":59}},"117":{"start":{"line":222,"column":2},"end":{"line":222,"column":21}},"118":{"start":{"line":224,"column":2},"end":{"line":224,"column":34}},"119":{"start":{"line":225,"column":2},"end":{"line":225,"column":20}},"120":{"start":{"line":229,"column":1},"end":{"line":240,"column":4}},"121":{"start":{"line":230,"column":2},"end":{"line":239,"column":3}},"122":{"start":{"line":231,"column":3},"end":{"line":231,"column":55}},"123":{"start":{"line":232,"column":3},"end":{"line":232,"column":78}},"124":{"start":{"line":233,"column":3},"end":{"line":235,"column":12}},"125":{"start":{"line":234,"column":4},"end":{"line":234,"column":27}},"126":{"start":{"line":237,"column":3},"end":{"line":237,"column":35}},"127":{"start":{"line":238,"column":3},"end":{"line":238,"column":25}},"128":{"start":{"line":243,"column":1},"end":{"line":295,"column":4}},"129":{"start":{"line":244,"column":2},"end":{"line":244,"column":29}},"130":{"start":{"line":246,"column":2},"end":{"line":246,"column":33}},"131":{"start":{"line":247,"column":2},"end":{"line":247,"column":80}},"132":{"start":{"line":248,"column":2},"end":{"line":248,"column":57}},"133":{"start":{"line":250,"column":2},"end":{"line":250,"column":67}},"134":{"start":{"line":251,"column":2},"end":{"line":251,"column":65}},"135":{"start":{"line":253,"column":2},"end":{"line":253,"column":31}},"136":{"start":{"line":254,"column":2},"end":{"line":272,"column":3}},"137":{"start":{"line":255,"column":3},"end":{"line":255,"column":39}},"138":{"start":{"line":256,"column":3},"end":{"line":271,"column":7}},"139":{"start":{"line":258,"column":5},"end":{"line":258,"column":26}},"140":{"start":{"line":262,"column":5},"end":{"line":266,"column":8}},"141":{"start":{"line":263,"column":6},"end":{"line":263,"column":36}},"142":{"start":{"line":265,"column":6},"end":{"line":265,"column":22}},"143":{"start":{"line":267,"column":5},"end":{"line":267,"column":17}},"144":{"start":{"line":270,"column":5},"end":{"line":270,"column":65}},"145":{"start":{"line":275,"column":2},"end":{"line":284,"column":3}},"146":{"start":{"line":276,"column":3},"end":{"line":283,"column":78}},"147":{"start":{"line":277,"column":4},"end":{"line":281,"column":5}},"148":{"start":{"line":278,"column":5},"end":{"line":278,"column":69}},"149":{"start":{"line":280,"column":5},"end":{"line":280,"column":82}},"150":{"start":{"line":283,"column":4},"end":{"line":283,"column":78}},"151":{"start":{"line":287,"column":2},"end":{"line":294,"column":4}},"152":{"start":{"line":288,"column":3},"end":{"line":294,"column":4}},"153":{"start":{"line":289,"column":4},"end":{"line":291,"column":7}},"154":{"start":{"line":290,"column":5},"end":{"line":290,"column":39}},"155":{"start":{"line":293,"column":4},"end":{"line":293,"column":45}},"156":{"start":{"line":298,"column":1},"end":{"line":298,"column":27}},"157":{"start":{"line":301,"column":1},"end":{"line":301,"column":18}},"158":{"start":{"line":302,"column":1},"end":{"line":327,"column":4}},"159":{"start":{"line":303,"column":2},"end":{"line":303,"column":48}},"160":{"start":{"line":304,"column":2},"end":{"line":304,"column":51}},"161":{"start":{"line":304,"column":27},"end":{"line":304,"column":48}},"162":{"start":{"line":306,"column":2},"end":{"line":318,"column":3}},"163":{"start":{"line":307,"column":3},"end":{"line":317,"column":8}},"164":{"start":{"line":308,"column":4},"end":{"line":308,"column":25}},"165":{"start":{"line":309,"column":4},"end":{"line":309,"column":20}},"166":{"start":{"line":310,"column":4},"end":{"line":316,"column":6}},"167":{"start":{"line":311,"column":5},"end":{"line":311,"column":26}},"168":{"start":{"line":312,"column":5},"end":{"line":312,"column":48}},"169":{"start":{"line":312,"column":22},"end":{"line":312,"column":48}},"170":{"start":{"line":313,"column":5},"end":{"line":315,"column":14}},"171":{"start":{"line":314,"column":6},"end":{"line":314,"column":29}},"172":{"start":{"line":320,"column":2},"end":{"line":324,"column":4}},"173":{"start":{"line":321,"column":3},"end":{"line":323,"column":6}},"174":{"start":{"line":322,"column":4},"end":{"line":322,"column":20}},"175":{"start":{"line":326,"column":2},"end":{"line":326,"column":19}},"176":{"start":{"line":329,"column":1},"end":{"line":333,"column":3}},"177":{"start":{"line":331,"column":3},"end":{"line":331,"column":80}},"178":{"start":{"line":334,"column":1},"end":{"line":336,"column":2}},"179":{"start":{"line":335,"column":2},"end":{"line":335,"column":43}},"180":{"start":{"line":337,"column":1},"end":{"line":339,"column":2}},"181":{"start":{"line":338,"column":2},"end":{"line":338,"column":38}},"182":{"start":{"line":341,"column":1},"end":{"line":344,"column":4}},"183":{"start":{"line":345,"column":1},"end":{"line":356,"column":2}},"184":{"start":{"line":346,"column":2},"end":{"line":346,"column":54}},"185":{"start":{"line":347,"column":2},"end":{"line":351,"column":3}},"186":{"start":{"line":348,"column":3},"end":{"line":350,"column":56}},"187":{"start":{"line":349,"column":4},"end":{"line":349,"column":59}},"188":{"start":{"line":350,"column":8},"end":{"line":350,"column":56}},"189":{"start":{"line":352,"column":2},"end":{"line":355,"column":5}},"190":{"start":{"line":353,"column":3},"end":{"line":354,"column":49}},"191":{"start":{"line":354,"column":4},"end":{"line":354,"column":49}},"192":{"start":{"line":357,"column":1},"end":{"line":369,"column":5}},"193":{"start":{"line":364,"column":3},"end":{"line":365,"column":42}},"194":{"start":{"line":365,"column":4},"end":{"line":365,"column":42}},"195":{"start":{"line":368,"column":3},"end":{"line":368,"column":34}},"196":{"start":{"line":371,"column":1},"end":{"line":371,"column":15}},"197":{"start":{"line":374,"column":0},"end":{"line":382,"column":2}},"198":{"start":{"line":375,"column":1},"end":{"line":375,"column":34}},"199":{"start":{"line":376,"column":1},"end":{"line":378,"column":2}},"200":{"start":{"line":377,"column":2},"end":{"line":377,"column":18}},"201":{"start":{"line":379,"column":1},"end":{"line":379,"column":32}},"202":{"start":{"line":380,"column":1},"end":{"line":381,"column":17}},"203":{"start":{"line":381,"column":2},"end":{"line":381,"column":17}},"204":{"start":{"line":384,"column":0},"end":{"line":384,"column":28}}},"branchMap":{"1":{"line":39,"type":"if","locations":[{"start":{"line":39,"column":2},"end":{"line":39,"column":2}},{"start":{"line":39,"column":2},"end":{"line":39,"column":2}}]},"2":{"line":42,"type":"if","locations":[{"start":{"line":42,"column":2},"end":{"line":42,"column":2}},{"start":{"line":42,"column":2},"end":{"line":42,"column":2}}]},"3":{"line":42,"type":"binary-expr","locations":[{"start":{"line":42,"column":6},"end":{"line":42,"column":26}},{"start":{"line":42,"column":30},"end":{"line":42,"column":51}}]},"4":{"line":43,"type":"cond-expr","locations":[{"start":{"line":43,"column":25},"end":{"line":43,"column":27}},{"start":{"line":43,"column":30},"end":{"line":43,"column":57}}]},"5":{"line":58,"type":"if","locations":[{"start":{"line":58,"column":3},"end":{"line":58,"column":3}},{"start":{"line":58,"column":3},"end":{"line":58,"column":3}}]},"6":{"line":58,"type":"binary-expr","locations":[{"start":{"line":58,"column":7},"end":{"line":58,"column":18}},{"start":{"line":58,"column":23},"end":{"line":58,"column":57}}]},"7":{"line":63,"type":"if","locations":[{"start":{"line":63,"column":5},"end":{"line":63,"column":5}},{"start":{"line":63,"column":5},"end":{"line":63,"column":5}}]},"8":{"line":68,"type":"if","locations":[{"start":{"line":68,"column":4},"end":{"line":68,"column":4}},{"start":{"line":68,"column":4},"end":{"line":68,"column":4}}]},"9":{"line":68,"type":"binary-expr","locations":[{"start":{"line":68,"column":8},"end":{"line":68,"column":26}},{"start":{"line":68,"column":30},"end":{"line":68,"column":54}}]},"10":{"line":76,"type":"if","locations":[{"start":{"line":76,"column":3},"end":{"line":76,"column":3}},{"start":{"line":76,"column":3},"end":{"line":76,"column":3}}]},"11":{"line":81,"type":"if","locations":[{"start":{"line":81,"column":3},"end":{"line":81,"column":3}},{"start":{"line":81,"column":3},"end":{"line":81,"column":3}}]},"12":{"line":107,"type":"if","locations":[{"start":{"line":107,"column":1},"end":{"line":107,"column":1}},{"start":{"line":107,"column":1},"end":{"line":107,"column":1}}]},"13":{"line":132,"type":"binary-expr","locations":[{"start":{"line":132,"column":11},"end":{"line":132,"column":18}},{"start":{"line":132,"column":22},"end":{"line":132,"column":24}}]},"14":{"line":133,"type":"binary-expr","locations":[{"start":{"line":133,"column":12},"end":{"line":133,"column":24}},{"start":{"line":133,"column":28},"end":{"line":133,"column":37}}]},"15":{"line":134,"type":"cond-expr","locations":[{"start":{"line":134,"column":41},"end":{"line":134,"column":53}},{"start":{"line":134,"column":56},"end":{"line":134,"column":60}}]},"16":{"line":135,"type":"binary-expr","locations":[{"start":{"line":135,"column":12},"end":{"line":135,"column":24}},{"start":{"line":135,"column":28},"end":{"line":135,"column":41}}]},"17":{"line":136,"type":"binary-expr","locations":[{"start":{"line":136,"column":13},"end":{"line":136,"column":26}},{"start":{"line":136,"column":30},"end":{"line":136,"column":32}}]},"18":{"line":137,"type":"binary-expr","locations":[{"start":{"line":137,"column":18},"end":{"line":137,"column":31}},{"start":{"line":137,"column":35},"end":{"line":137,"column":41}}]},"19":{"line":138,"type":"cond-expr","locations":[{"start":{"line":138,"column":56},"end":{"line":138,"column":57}},{"start":{"line":138,"column":60},"end":{"line":138,"column":76}}]},"20":{"line":139,"type":"cond-expr","locations":[{"start":{"line":140,"column":2},"end":{"line":140,"column":4}},{"start":{"line":140,"column":8},"end":{"line":140,"column":79}}]},"21":{"line":139,"type":"binary-expr","locations":[{"start":{"line":139,"column":17},"end":{"line":139,"column":43}},{"start":{"line":139,"column":47},"end":{"line":139,"column":68}}]},"22":{"line":140,"type":"cond-expr","locations":[{"start":{"line":140,"column":60},"end":{"line":140,"column":64}},{"start":{"line":140,"column":67},"end":{"line":140,"column":79}}]},"23":{"line":140,"type":"binary-expr","locations":[{"start":{"line":140,"column":9},"end":{"line":140,"column":30}},{"start":{"line":140,"column":34},"end":{"line":140,"column":56}}]},"24":{"line":141,"type":"if","locations":[{"start":{"line":141,"column":1},"end":{"line":141,"column":1}},{"start":{"line":141,"column":1},"end":{"line":141,"column":1}}]},"25":{"line":144,"type":"cond-expr","locations":[{"start":{"line":144,"column":41},"end":{"line":144,"column":44}},{"start":{"line":144,"column":47},"end":{"line":144,"column":59}}]},"26":{"line":145,"type":"binary-expr","locations":[{"start":{"line":145,"column":15},"end":{"line":145,"column":30}},{"start":{"line":145,"column":34},"end":{"line":145,"column":38}}]},"27":{"line":146,"type":"binary-expr","locations":[{"start":{"line":146,"column":16},"end":{"line":146,"column":32}},{"start":{"line":146,"column":36},"end":{"line":146,"column":40}}]},"28":{"line":147,"type":"binary-expr","locations":[{"start":{"line":147,"column":12},"end":{"line":147,"column":24}},{"start":{"line":147,"column":28},"end":{"line":147,"column":33}}]},"29":{"line":148,"type":"binary-expr","locations":[{"start":{"line":148,"column":13},"end":{"line":148,"column":26}},{"start":{"line":148,"column":30},"end":{"line":148,"column":34}}]},"30":{"line":149,"type":"binary-expr","locations":[{"start":{"line":149,"column":13},"end":{"line":149,"column":26}},{"start":{"line":149,"column":30},"end":{"line":149,"column":32}}]},"31":{"line":150,"type":"binary-expr","locations":[{"start":{"line":150,"column":18},"end":{"line":150,"column":36}},{"start":{"line":150,"column":40},"end":{"line":150,"column":42}}]},"32":{"line":156,"type":"if","locations":[{"start":{"line":156,"column":1},"end":{"line":156,"column":1}},{"start":{"line":156,"column":1},"end":{"line":156,"column":1}}]},"33":{"line":161,"type":"if","locations":[{"start":{"line":161,"column":8},"end":{"line":161,"column":8}},{"start":{"line":161,"column":8},"end":{"line":161,"column":8}}]},"34":{"line":164,"type":"if","locations":[{"start":{"line":164,"column":1},"end":{"line":164,"column":1}},{"start":{"line":164,"column":1},"end":{"line":164,"column":1}}]},"35":{"line":169,"type":"if","locations":[{"start":{"line":169,"column":2},"end":{"line":169,"column":2}},{"start":{"line":169,"column":2},"end":{"line":169,"column":2}}]},"36":{"line":171,"type":"if","locations":[{"start":{"line":171,"column":3},"end":{"line":171,"column":3}},{"start":{"line":171,"column":3},"end":{"line":171,"column":3}}]},"37":{"line":181,"type":"if","locations":[{"start":{"line":181,"column":1},"end":{"line":181,"column":1}},{"start":{"line":181,"column":1},"end":{"line":181,"column":1}}]},"38":{"line":189,"type":"if","locations":[{"start":{"line":189,"column":1},"end":{"line":189,"column":1}},{"start":{"line":189,"column":1},"end":{"line":189,"column":1}}]},"39":{"line":197,"type":"if","locations":[{"start":{"line":197,"column":2},"end":{"line":197,"column":2}},{"start":{"line":197,"column":2},"end":{"line":197,"column":2}}]},"40":{"line":200,"type":"if","locations":[{"start":{"line":200,"column":2},"end":{"line":200,"column":2}},{"start":{"line":200,"column":2},"end":{"line":200,"column":2}}]},"41":{"line":208,"type":"if","locations":[{"start":{"line":208,"column":2},"end":{"line":208,"column":2}},{"start":{"line":208,"column":2},"end":{"line":208,"column":2}}]},"42":{"line":216,"type":"if","locations":[{"start":{"line":216,"column":1},"end":{"line":216,"column":1}},{"start":{"line":216,"column":1},"end":{"line":216,"column":1}}]},"43":{"line":218,"type":"if","locations":[{"start":{"line":218,"column":2},"end":{"line":218,"column":2}},{"start":{"line":218,"column":2},"end":{"line":218,"column":2}}]},"44":{"line":230,"type":"if","locations":[{"start":{"line":230,"column":2},"end":{"line":230,"column":2}},{"start":{"line":230,"column":2},"end":{"line":230,"column":2}}]},"45":{"line":247,"type":"cond-expr","locations":[{"start":{"line":247,"column":50},"end":{"line":247,"column":61}},{"start":{"line":247,"column":64},"end":{"line":247,"column":79}}]},"46":{"line":248,"type":"cond-expr","locations":[{"start":{"line":248,"column":38},"end":{"line":248,"column":49}},{"start":{"line":248,"column":52},"end":{"line":248,"column":56}}]},"47":{"line":254,"type":"if","locations":[{"start":{"line":254,"column":2},"end":{"line":254,"column":2}},{"start":{"line":254,"column":2},"end":{"line":254,"column":2}}]},"48":{"line":254,"type":"binary-expr","locations":[{"start":{"line":254,"column":6},"end":{"line":254,"column":29}},{"start":{"line":254,"column":33},"end":{"line":254,"column":62}}]},"49":{"line":275,"type":"if","locations":[{"start":{"line":275,"column":2},"end":{"line":275,"column":2}},{"start":{"line":275,"column":2},"end":{"line":275,"column":2}}]},"50":{"line":276,"type":"if","locations":[{"start":{"line":276,"column":3},"end":{"line":276,"column":3}},{"start":{"line":276,"column":3},"end":{"line":276,"column":3}}]},"51":{"line":277,"type":"if","locations":[{"start":{"line":277,"column":4},"end":{"line":277,"column":4}},{"start":{"line":277,"column":4},"end":{"line":277,"column":4}}]},"52":{"line":287,"type":"if","locations":[{"start":{"line":287,"column":2},"end":{"line":287,"column":2}},{"start":{"line":287,"column":2},"end":{"line":287,"column":2}}]},"53":{"line":288,"type":"if","locations":[{"start":{"line":288,"column":3},"end":{"line":288,"column":3}},{"start":{"line":288,"column":3},"end":{"line":288,"column":3}}]},"54":{"line":306,"type":"if","locations":[{"start":{"line":306,"column":2},"end":{"line":306,"column":2}},{"start":{"line":306,"column":2},"end":{"line":306,"column":2}}]},"55":{"line":312,"type":"if","locations":[{"start":{"
[...]
":{"start":{"line":55,"column":2},"end":{"line":55,"column":28}},"36":{"start":{"line":57,"column":6},"end":{"line":149,"column":2}},"37":{"start":{"line":59,"column":2},"end":{"line":59,"column":43}},"38":{"start":{"line":60,"column":2},"end":{"line":60,"column":28}},"39":{"start":{"line":62,"column":6},"end":{"line":149,"column":2}},"40":{"start":{"line":64,"column":2},"end":{"line":64,"column":44}},"41":{"start":{"line":65,"column":2},"end":{"line":65,"column":28}},"42":{"start":{"line":67,"column":6},"end":{"line":149,"column":2}},"43":{"start":{"line":68,"column":2},"end":{"line":68,"column":53}},"44":{"start":{"line":69,"column":2},"end":{"line":69,"column":28}},"45":{"start":{"line":71,"column":6},"end":{"line":149,"column":2}},"46":{"start":{"line":72,"column":2},"end":{"line":72,"column":20}},"47":{"start":{"line":73,"column":2},"end":{"line":73,"column":28}},"48":{"start":{"line":75,"column":6},"end":{"line":149,"column":2}},"49":{"start":{"line":76,"column":2},"end":{"line":76,"column":46}},"50":{"start":{"line":77,"column":2},"end":{"line":77,"column":28}},"51":{"start":{"line":79,"column":6},"end":{"line":149,"column":2}},"52":{"start":{"line":80,"column":2},"end":{"line":80,"column":31}},"53":{"start":{"line":81,"column":2},"end":{"line":84,"column":3}},"54":{"start":{"line":82,"column":3},"end":{"line":82,"column":20}},"55":{"start":{"line":83,"column":3},"end":{"line":83,"column":29}},"56":{"start":{"line":86,"column":6},"end":{"line":149,"column":2}},"57":{"start":{"line":87,"column":2},"end":{"line":87,"column":30}},"58":{"start":{"line":88,"column":2},"end":{"line":88,"column":28}},"59":{"start":{"line":90,"column":6},"end":{"line":149,"column":2}},"60":{"start":{"line":91,"column":2},"end":{"line":91,"column":20}},"61":{"start":{"line":92,"column":2},"end":{"line":92,"column":28}},"62":{"start":{"line":94,"column":6},"end":{"line":149,"column":2}},"63":{"start":{"line":95,"column":2},"end":{"line":95,"column":20}},"64":{"start":{"line":96,"column":2},"end":{"line":96,"column":28}},"65":{"start":{"line":98,"column":6},"end":{"line":149,"column":2}},"66":{"start":{"line":101,"column":2},"end":{"line":101,"column":54}},"67":{"start":{"line":102,"column":2},"end":{"line":102,"column":51}},"68":{"start":{"line":103,"column":2},"end":{"line":103,"column":42}},"69":{"start":{"line":104,"column":2},"end":{"line":104,"column":28}},"70":{"start":{"line":106,"column":6},"end":{"line":149,"column":2}},"71":{"start":{"line":107,"column":2},"end":{"line":107,"column":36}},"72":{"start":{"line":108,"column":2},"end":{"line":108,"column":44}},"73":{"start":{"line":109,"column":2},"end":{"line":112,"column":3}},"74":{"start":{"line":110,"column":3},"end":{"line":110,"column":26}},"75":{"start":{"line":111,"column":3},"end":{"line":111,"column":29}},"76":{"start":{"line":114,"column":6},"end":{"line":149,"column":2}},"77":{"start":{"line":115,"column":2},"end":{"line":115,"column":46}},"78":{"start":{"line":116,"column":2},"end":{"line":116,"column":53}},"79":{"start":{"line":117,"column":2},"end":{"line":117,"column":17}},"80":{"start":{"line":119,"column":6},"end":{"line":149,"column":2}},"81":{"start":{"line":120,"column":2},"end":{"line":120,"column":36}},"82":{"start":{"line":121,"column":2},"end":{"line":121,"column":28}},"83":{"start":{"line":123,"column":6},"end":{"line":149,"column":2}},"84":{"start":{"line":124,"column":2},"end":{"line":124,"column":19}},"85":{"start":{"line":125,"column":2},"end":{"line":125,"column":28}},"86":{"start":{"line":127,"column":6},"end":{"line":149,"column":2}},"87":{"start":{"line":128,"column":2},"end":{"line":128,"column":32}},"88":{"start":{"line":129,"column":2},"end":{"line":129,"column":28}},"89":{"start":{"line":131,"column":6},"end":{"line":149,"column":2}},"90":{"start":{"line":133,"column":2},"end":{"line":133,"column":54}},"91":{"start":{"line":134,"column":2},"end":{"line":134,"column":42}},"92":{"start":{"line":135,"column":2},"end":{"line":135,"column":28}},"93":{"start":{"line":137,"column":6},"end":{"line":149,"column":2}},"94":{"start":{"line":138,"column":2},"end":{"line":138,"column":42}},"95":{"start":{"line":139,"column":2},"end":{"line":139,"column":28}},"96":{"start":{"line":141,"column":6},"end":{"line":149,"column":2}},"97":{"start":{"line":142,"column":2},"end":{"line":142,"column":327}},"98":{"start":{"line":143,"column":2},"end":{"line":143,"column":17}},"99":{"start":{"line":145,"column":6},"end":{"line":149,"column":2}},"100":{"start":{"line":147,"column":2},"end":{"line":147,"column":39}},"101":{"start":{"line":148,"column":2},"end":{"line":148,"column":28}},"102":{"start":{"line":153,"column":0},"end":{"line":153,"column":44}},"103":{"start":{"line":155,"column":0},"end":{"line":159,"column":1}},"104":{"start":{"line":156,"column":1},"end":{"line":158,"column":4}},"105":{"start":{"line":157,"column":2},"end":{"line":157,"column":38}},"106":{"start":{"line":160,"column":0},"end":{"line":164,"column":1}},"107":{"start":{"line":161,"column":1},"end":{"line":163,"column":4}},"108":{"start":{"line":162,"column":2},"end":{"line":162,"column":38}},"109":{"start":{"line":166,"column":0},"end":{"line":166,"column":23}}},"branchMap":{"1":{"line":17,"type":"cond-expr","locations":[{"start":{"line":17,"column":59},"end":{"line":17,"column":72}},{"start":{"line":17,"column":75},"end":{"line":17,"column":81}}]},"2":{"line":19,"type":"if","locations":[{"start":{"line":19,"column":0},"end":{"line":19,"column":0}},{"start":{"line":19,"column":0},"end":{"line":19,"column":0}}]},"3":{"line":22,"type":"if","locations":[{"start":{"line":22,"column":1},"end":{"line":22,"column":1}},{"start":{"line":22,"column":1},"end":{"line":22,"column":1}}]},"4":{"line":27,"type":"if","locations":[{"start":{"line":27,"column":1},"end":{"line":27,"column":1}},{"start":{"line":27,"column":1},"end":{"line":27,"column":1}}]},"5":{"line":30,"type":"if","locations":[{"start":{"line":30,"column":2},"end":{"line":30,"column":2}},{"start":{"line":30,"column":2},"end":{"line":30,"column":2}}]},"6":{"line":35,"type":"if","locations":[{"start":{"line":35,"column":6},"end":{"line":35,"column":6}},{"start":{"line":35,"column":6},"end":{"line":35,"column":6}}]},"7":{"line":39,"type":"if","locations":[{"start":{"line":39,"column":6},"end":{"line":39,"column":6}},{"start":{"line":39,"column":6},"end":{"line":39,"column":6}}]},"8":{"line":41,"type":"if","locations":[{"start":{"line":41,"column":2},"end":{"line":41,"column":2}},{"start":{"line":41,"column":2},"end":{"line":41,"column":2}}]},"9":{"line":44,"type":"switch","locations":[{"start":{"line":45,"column":3},"end":{"line":47,"column":10}},{"start":{"line":48,"column":3},"end":{"line":50,"column":10}},{"start":{"line":51,"column":3},"end":{"line":53,"column":10}}]},"10":{"line":57,"type":"if","locations":[{"start":{"line":57,"column":6},"end":{"line":57,"column":6}},{"start":{"line":57,"column":6},"end":{"line":57,"column":6}}]},"11":{"line":62,"type":"if","locations":[{"start":{"line":62,"column":6},"end":{"line":62,"column":6}},{"start":{"line":62,"column":6},"end":{"line":62,"column":6}}]},"12":{"line":67,"type":"if","locations":[{"start":{"line":67,"column":6},"end":{"line":67,"column":6}},{"start":{"line":67,"column":6},"end":{"line":67,"column":6}}]},"13":{"line":71,"type":"if","locations":[{"start":{"line":71,"column":6},"end":{"line":71,"column":6}},{"start":{"line":71,"column":6},"end":{"line":71,"column":6}}]},"14":{"line":75,"type":"if","locations":[{"start":{"line":75,"column":6},"end":{"line":75,"column":6}},{"start":{"line":75,"column":6},"end":{"line":75,"column":6}}]},"15":{"line":79,"type":"if","locations":[{"start":{"line":79,"column":6},"end":{"line":79,"column":6}},{"start":{"line":79,"column":6},"end":{"line":79,"column":6}}]},"16":{"line":81,"type":"if","locations":[{"start":{"line":81,"column":2},"end":{"line":81,"column":2}},{"start":{"line":81,"column":2},"end":{"line":81,"column":2}}]},"17":{"line":86,"type":"if","locations":[{"start":{"line":86,"column":6},"end":{"line":86,"column":6}},{"start":{"line":86,"column":6},"end":{"line":86,"column":6}}]},"18":{"line":90,"type":"if","locations":[{"start":{"line":90,"column":6},"end":{"line":90,"column":6}},{"start":{"line":90,"column":6},"end":{"line":90,"column":6}}]},"19":{"line":90,"type":"binary-expr","locations":[{"start":{"line":90,"column":10},"end":{"line":90,"column":27}},{"start":{"line":90,"column":31},"end":{"line":90,"column":43}}]},"20":{"line":94,"type":"if","locations":[{"start":{"line":94,"column":6},"end":{"line":94,"column":6}},{"start":{"line":94,"column":6},"end":{"line":94,"column":6}}]},"21":{"line":94,"type":"binary-expr","locations":[{"start":{"line":94,"column":10},"end":{"line":94,"column":29}},{"start":{"line":94,"column":33},"end":{"line":94,"column":45}}]},"22":{"line":98,"type":"if","locations":[{"start":{"line":98,"column":6},"end":{"line":98,"column":6}},{"start":{"line":98,"column":6},"end":{"line":98,"column":6}}]},"23":{"line":106,"type":"if","locations":[{"start":{"line":106,"column":6},"end":{"line":106,"column":6}},{"start":{"line":106,"column":6},"end":{"line":106,"column":6}}]},"24":{"line":109,"type":"if","locations":[{"start":{"line":109,"column":2},"end":{"line":109,"column":2}},{"start":{"line":109,"column":2},"end":{"line":109,"column":2}}]},"25":{"line":114,"type":"if","locations":[{"start":{"line":114,"column":6},"end":{"line":114,"column":6}},{"start":{"line":114,"column":6},"end":{"line":114,"column":6}}]},"26":{"line":114,"type":"binary-expr","locations":[{"start":{"line":114,"column":10},"end":{"line":114,"column":29}},{"start":{"line":114,"column":33},"end":{"line":114,"column":45}}]},"27":{"line":119,"type":"if","locations":[{"start":{"line":119,"column":6},"end":{"line":119,"column":6}},{"start":{"line":119,"column":6},"end":{"line":119,"column":6}}]},"28":{"line":123,"type":"if","locations":[{"start":{"line":123,"column":6},"end":{"line":123,"column":6}},{"start":{"line":123,"column":6},"end":{"line":123,"column":6}}]},"29":{"line":127,"type":"if","locations":[{"start":{"line":127,"column":6},"end":{"line":127,"column":6}},{"start":{"line":127,"column":6},"end":{"line":127,"column":6}}]},"30":{"line":131,"type":"if","locations":[{"start":{"line":131,"column":6},"end":{"line":131,"column":6}},{"start":{"line":131,"column":6},"end":{"line":131,"column":6}}]},"31":{"line":137,"type":"if","locations":[{"start":{"line":137,"column":6},"end":{"line":137,"column":6}},{"start":{"line":137,"column":6},"end":{"line":137,"column":6}}]},"32":{"line":141,"type":"if","locations":[{"start":{"line":141,"column":6},"end":{"line":141,"column":6}},{"start":{"line":141,"column":6},"end":{"line":141,"column":6}}]},"33":{"line":141,"type":"binary-expr","locations":[{"start":{"line":141,"column":10},"end":{"line":141,"column":26}},{"start":{"line":141,"column":30},"end":{"line":141,"column":42}}]},"34":{"line":145,"type":"if","locations":[{"start":{"line":145,"column":6},"end":{"line":145,"column":6}},{"start":{"line":145,"column":6},"end":{"line":145,"column":6}}]},"35":{"line":153,"type":"binary-expr","locations":[{"start":{"line":153,"column":22},"end":{"line":153,"column":37}},{"start":{"line":153,"column":41},"end":{"line":153,"column":43}}]},"36":{"line":155,"type":"if","locations":[{"start":{"line":155,"column":0},"end":{"line":155,"column":0}},{"start":{"line":155,"column":0},"end":{"line":155,"column":0}}]},"37":{"line":160,"type":"if","locations":[{"start":{"line":160,"column":0},"end":{"line":160,"column":0}},{"start":{"line":160,"column":0},"end":{"line":160,"column":0}}]}},"code":["//#!/usr/bin/env node","var path = require('path');","var fs = require('fs');","var assign = require('object-assign');","var liveServer = require(\"./index\");","","var opts = {","\thost: process.env.IP,","\tport: process.env.PORT,","\topen: true,","\tmount: [],","\tproxy: [],","\tmiddleware: [],","\tlogLevel: 2,","};","","var homeDir = process.env[(process.platform === 'win32') ? 'USERPROFILE' : 'HOME'];","var configPath = path.join(homeDir, '.live-server.json');","if (fs.existsSync(configPath)) {","\tvar userConfig = fs.readFileSync(configPath, 'utf8');","\tassign(opts, JSON.parse(userConfig));","\tif (opts.ignorePattern) opts.ignorePattern = new RegExp(opts.ignorePattern);","}","","for (var i = process.argv.length - 1; i >= 2; --i) {","\tvar arg = process.argv[i];","\tif (arg.indexOf(\"--port=\") > -1) {","\t\tvar portString = arg.substring(7);","\t\tvar portNumber = parseInt(portString, 10);","\t\tif (portNumber === +portString) {","\t\t\topts.port = portNumber;","\t\t\tprocess.argv.splice(i, 1);","\t\t}","\t}","\telse if (arg.indexOf(\"--host=\") > -1) {","\t\topts.host = arg.substring(7);","\t\tprocess.argv.splice(i, 1);","\t}","\telse if (arg.indexOf(\"--open=\") > -1) {","\t\tvar open = arg.substring(7);","\t\tif (open.indexOf('/') !== 0) {","\t\t\topen = '/' + open;","\t\t}","\t\tswitch (typeof opts.open) {","\t\t\tcase \"boolean\":","\t\t\t\topts.open = open;","\t\t\t\tbreak;","\t\t\tcase \"string\":","\t\t\t\topts.open = [opts.open, open];","\t\t\t\tbreak;","\t\t\tcase \"object\":","\t\t\t\topts.open.push(open);","\t\t\t\tbreak;","\t\t}","\t\tprocess.argv.splice(i, 1);","\t}","\telse if (arg.indexOf(\"--watch=\") > -1) {","\t\t// Will be modified later when cwd is known","\t\topts.watch = arg.substring(8).split(\",\");","\t\tprocess.argv.splice(i, 1);","\t}","\telse if (arg.indexOf(\"--ignore=\") > -1) {","\t\t// Will be modified later when cwd is known","\t\topts.ignore = arg.substring(9).split(\",\");","\t\tprocess.argv.splice(i, 1);","\t}","\telse if (arg.indexOf(\"--ignorePattern=\") > -1) {","\t\topts.ignorePattern = new RegExp(arg.substring(16));","\t\tprocess.argv.splice(i, 1);","\t}","\telse if (arg === \"--no-browser\") {","\t\topts.open = false;","\t\tprocess.argv.splice(i, 1);","\t}","\telse if (arg.indexOf(\"--browser=\") > -1) {","\t\topts.browser = arg.substring(10).split(\",\");","\t\tprocess.argv.splice(i, 1);","\t}","\telse if (arg.indexOf(\"--entry-file=\") > -1) {","\t\tvar file = arg.substring(13);","\t\tif (file.length) {","\t\t\topts.file = file;","\t\t\tprocess.argv.splice(i, 1);","\t\t}","\t}","\telse if (arg === \"--spa\") {","\t\topts.middleware.push(\"spa\");","\t\tprocess.argv.splice(i, 1);","\t}","\telse if (arg === \"--quiet\" || arg === \"-q\") {","\t\topts.logLevel = 0;","\t\tprocess.argv.splice(i, 1);","\t}","\telse if (arg === \"--verbose\" || arg === \"-V\") {","\t\topts.logLevel = 3;","\t\tprocess.argv.splice(i, 1);","\t}","\telse if (arg.indexOf(\"--mount=\") > -1) {","\t\t// e.g. \"--mount=/components:./node_modules\" will be ['/components', '<process.cwd()>/node_modules']","\t\t// split only on the first \":\", as the path may contain \":\" as well (e.g. C:\\file.txt)","\t\tvar match = arg.substring(8).match(/([^:]+):(.+)$/);","\t\tmatch[2] = path.resolve(process.cwd(), match[2]);","\t\topts.mount.push([ match[1], match[2] ]);","\t\tprocess.argv.splice(i, 1);","\t}","\telse if (arg.indexOf(\"--wait=\") > -1) {","\t\tvar waitString = arg.substring(7);","\t\tvar waitNumber = parseInt(waitString, 10);","\t\tif (waitNumber === +waitString) {","\t\t\topts.wait = waitNumber;","\t\t\tprocess.argv.splice(i, 1);","\t\t}","\t}","\telse if (arg === \"--version\" || arg === \"-v\") {","\t\tvar packageJson = require('./package.json');","\t\tconsole.log(packageJson.name, packageJson.version);","\t\tprocess.exit();","\t}","\telse if (arg.indexOf(\"--htpasswd=\") > -1) {","\t\topts.htpasswd = arg.substring(11);","\t\tprocess.argv.splice(i, 1);","\t}","\telse if (arg === \"--cors\") {","\t\topts.cors = true;","\t\tprocess.argv.splice(i, 1);","\t}","\telse if (arg.indexOf(\"--https=\") > -1) {","\t\topts.https = arg.substring(8);","\t\tprocess.argv.splice(i, 1);","\t}","\telse if (arg.indexOf(\"--proxy=\") > -1) {","\t\t// split only on the first \":\", as the URL will contain \":\" as well","\t\tvar match = arg.substring(8).match(/([^:]+):(.+)$/);","\t\topts.proxy.push([ match[1], match[2] ]);","\t\tprocess.argv.splice(i, 1);","\t}","\telse if (arg.indexOf(\"--middleware=\") > -1) {","\t\topts.middleware.push(arg.substring(13));","\t\tprocess.argv.splice(i, 1);","\t}","\telse if (arg === \"--help\" || arg === \"-h\") {","\t\tconsole.log('Usage: live-server [-v|--version] [-h|--help] [-q|--quiet] [--port=PORT] [--host=HOST] [--open=PATH] [--no-browser] [--browser=BROWSER] [--ignore=PATH] [--ignorePattern=RGXP] [--entry-file=PATH] [--spa] [--mount=ROUTE:PATH] [--wait=MILLISECONDS] [--htpasswd=PATH] [--cors] [--https=PATH] [--proxy=PATH] [PATH]');","\t\tprocess.exit();","\t}","\telse if (arg === \"--test\") {","\t\t// Hidden param for tests to exit automatically","\t\tsetTimeout(liveServer.shutdown, 500);","\t\tprocess.argv.splice(i, 1);","\t}","}","","// Patch paths","var dir = opts.root = process.argv[2] || \"\";","","if (opts.watch) {","\topts.watch = opts.watch.map(function(relativePath) {","\t\treturn path.join(dir, relativePath);","\t});","}","if (opts.ignore) {","\topts.ignore = opts.ignore.map(function(relativePath) {","\t\treturn path.join(dir, relativePath);","\t});","}","","liveServer.start(opts);",""],"l":{"2":1,"3":1,"4":1,"5":1,"7":1,"17":1,"18":1,"19":1,"20":0,"21":0,"22":0,"25":1,"26":0,"27":0,"28":0,"29":0,"30":0,"31":0,"32":0,"35":0,"36":0,"37":0,"39":0,"40":0,"41":0,"42":0,"44":0,"46":0,"47":0,"49":0,"50":0,"52":0,"53":0,"55":0,"57":0,"59":0,"60":0,"62":0,"64":0,"65":0,"67":0,"68":0,"69":0,"71":0,"72":0,"73":0,"75":0,"76":0,"77":0,"79":0,"80":0,"81":0,"82":0,"83":0,"86":0,"87":0,"88":0,"90":0,"91":0,"92":0,"94":0,"95":0,"96":0,"98":0,"101":0,"102":0,"103":0,"104":0,"106":0,"107":0,"108":0,"109":0,"110":0,"111":0,"114":0,"115":0,"116":0,"117":0,"119":0,"120":0,"121":0,"123":0,"124":0,"125":0,"127":0,"128":0,"129":0,"131":0,"133":0,"134":0,"135":0,"137":0,"138":0,"139":0,"141":0,"142":0,"143":0,"145":0,"147":0,"148":0,"153":1,"155":1,"156":0,"157":0,"160":1,"161":0,"162":0,"166":1}},"/home/travis/build/npmtest/node-npmtest-live-server/node_modules/live-server/middleware/spa.js":{"path":"/home/travis/build/npmtest/node-npmtest-live-server/node_modules/live-server/middleware/spa.js","s":{"1":1,"2":0,"3":0,"4":0,"5":0,"6":0,"7":0,"8":0,"9":0,"10":0},"b":{"1":[0,0],"2":[0,0],"3":[0,0]},"f":{"1":0},"fnMap":{"1":{"name":"(anonymous_1)","line":2,"loc":{"start":{"line":2,"column":17},"end":{"line":2,"column":42}}}},"statementMap":{"1":{"start":{"line":2,"column":0},"end":{"line":13,"column":1}},"2":{"start":{"line":3,"column":1},"end":{"line":4,"column":9}},"3":{"start":{"line":4,"column":2},"end":{"line":4,"column":9}},"4":{"start":{"line":5,"column":1},"end":{"line":12,"column":13}},"5":{"start":{"line":6,"column":2},"end":{"line":6,"column":22}},"6":{"start":{"line":7,"column":2},"end":{"line":7,"column":16}},"7":{"start":{"line":8,"column":2},"end":{"line":8,"column":23}},"8":{"start":{"line":9,"column":2},"end":{"line":9,"column":51}},"9":{"start":{"line":10,"column":2},"end":{"line":10,"column":12}},"10":{"start":{"line":12,"column":6},"end":{"line":12,"column":13}}},"branchMap":{"1":{"line":3,"type":"if","locations":[{"start":{"line":3,"column":1},"end":{"line":3,"column":1}},{"start":{"line":3,"column":1},"end":{"line":3,"column":1}}]},"2":{"line":3,"type":"binary-expr","locations":[{"start":{"line":3,"column":5},"end":{"line":3,"column":25}},{"start":{"line":3,"column":29},"end":{"line":3,"column":50}}]},"3":{"line":5,"type":"if","locations":[{"start":{"line":5,"column":1},"end":{"line":5,"column":1}},{"start":{"line":5,"column":1},"end":{"line":5,"column":1}}]}},"code":["// Single Page Apps - redirect to /#/","module.exports = function(req, res, next) {","\tif (req.method !== \"GET\" && req.method !== \"HEAD\")","\t\tnext();","\tif (req.url !== '/') {","\t\tvar route = req.url;","\t\treq.url = '/';","\t\tres.statusCode = 302;","\t\tres.setHeader('Location', req.url + '#' + route);","\t\tres.end();","\t}","\telse next();","}",""],"l":{"2":1,"3":0,"4":0,"5":0,"6":0,"7":0,"8":0,"9":0,"10":0,"12":0}}}